[07-03-2023 05:26:54] Bulk optimization launched for file : D:\inetpub\wwwroot\Localuser\zckassa\WEB260\wordpress/wp-content/uploads/2023/01/TANKWA-lipbalm-strawberry.jpg
[07-03-2023 05:26:54] Revert original image for : /wp-content/uploads/2023/01/TANKWA-lipbalm-strawberry.jpg
[07-03-2023 05:26:56] Optimized file /wp-content/uploads/2023/01/TANKWA-lipbalm-strawberry.jpg from 15 KB to 13 KB
[07-03-2023 05:26:56] Optimized file /wp-content/uploads/2023/01/TANKWA-lipbalm-strawberry-300x300.jpg from 7 KB to 7 KB
[07-03-2023 05:26:57] Optimized file /wp-content/uploads/2023/01/TANKWA-lipbalm-strawberry-150x150.jpg from 3 KB to 2 KB
[07-03-2023 05:26:57] Optimized file /wp-content/uploads/2023/01/TANKWA-lipbalm-strawberry-324x324.jpg from 8 KB to 7 KB
[07-03-2023 05:26:58] Optimized file /wp-content/uploads/2023/01/TANKWA-lipbalm-strawberry-416x416.jpg from 11 KB to 10 KB
[07-03-2023 05:26:58] Optimized file /wp-content/uploads/2023/01/TANKWA-lipbalm-strawberry-100x100.jpg from 2 KB to 1 KB
[07-03-2023 05:27:37] Bulk optimization launched for file : D:\inetpub\wwwroot\Localuser\zckassa\WEB260\wordpress/wp-content/uploads/2023/01/TANKWAlogo-removebg-preview.png
[07-03-2023 05:27:37] Revert original image for : /wp-content/uploads/2023/01/TANKWAlogo-removebg-preview.png
[07-03-2023 05:27:38] Optimized file /wp-content/uploads/2023/01/TANKWAlogo-removebg-preview.png from 20 KB to 7 KB
[07-03-2023 05:27:39] Optimized file /wp-content/uploads/2023/01/TANKWAlogo-removebg-preview-300x300.png from 12 KB to 4 KB
[07-03-2023 05:27:39] Optimized file /wp-content/uploads/2023/01/TANKWAlogo-removebg-preview-150x150.png from 5 KB to 2 KB
[07-03-2023 05:27:40] Optimized file /wp-content/uploads/2023/01/TANKWAlogo-removebg-preview-324x324.png from 15 KB to 5 KB
[07-03-2023 05:27:41] Optimized file /wp-content/uploads/2023/01/TANKWAlogo-removebg-preview-416x416.png from 21 KB to 7 KB
[07-03-2023 05:27:41] Optimized file /wp-content/uploads/2023/01/TANKWAlogo-removebg-preview-100x100.png from 2 KB to 1 KB
[07-03-2023 05:27:44] Bulk optimization launched for file : D:\inetpub\wwwroot\Localuser\zckassa\WEB260\wordpress/wp-content/uploads/2023/01/cropped-TANKWAlogo-removebg-preview.png
[07-03-2023 05:27:44] Revert original image for : /wp-content/uploads/2023/01/cropped-TANKWAlogo-removebg-preview.png
[07-03-2023 05:27:45] Optimized file /wp-content/uploads/2023/01/cropped-TANKWAlogo-removebg-preview.png from 16 KB to 6 KB
[07-03-2023 05:27:45] Optimized file /wp-content/uploads/2023/01/cropped-TANKWAlogo-removebg-preview-300x83.png from 13 KB to 4 KB
[07-03-2023 05:27:46] Optimized file /wp-content/uploads/2023/01/cropped-TANKWAlogo-removebg-preview-150x136.png from 5 KB to 3 KB
[07-03-2023 05:27:46] Optimized file /wp-content/uploads/2023/01/cropped-TANKWAlogo-removebg-preview-324x136.png from 14 KB to 6 KB
[07-03-2023 05:27:47] Optimized file /wp-content/uploads/2023/01/cropped-TANKWAlogo-removebg-preview-416x115.png from 20 KB to 7 KB
[07-03-2023 05:27:47] Optimized file /wp-content/uploads/2023/01/cropped-TANKWAlogo-removebg-preview-100x100.png from 5 KB to 2 KB
[07-03-2023 05:27:52] Bulk optimization launched for file : D:\inetpub\wwwroot\Localuser\zckassa\WEB260\wordpress/wp-content/uploads/2023/01/pexels-marcelo-moreira-1926620.jpg
[07-03-2023 05:27:52] Revert original image for : /wp-content/uploads/2023/01/pexels-marcelo-moreira-1926620.jpg
[07-03-2023 05:27:57] Optimized file /wp-content/uploads/2023/01/pexels-marcelo-moreira-1926620.jpg from 314 KB to 211 KB
[07-03-2023 05:27:57] Optimized file /wp-content/uploads/2023/01/pexels-marcelo-moreira-1926620-211x300.jpg from 12 KB to 6 KB
[07-03-2023 05:27:58] Optimized file /wp-content/uploads/2023/01/pexels-marcelo-moreira-1926620-720x1024.jpg from 102 KB to 58 KB
[07-03-2023 05:27:59] Optimized file /wp-content/uploads/2023/01/pexels-marcelo-moreira-1926620-150x150.jpg from 5 KB to 2 KB
[07-03-2023 05:28:00] Optimized file /wp-content/uploads/2023/01/pexels-marcelo-moreira-1926620-768x1093.jpg from 114 KB to 64 KB
[07-03-2023 05:28:02] Optimized file /wp-content/uploads/2023/01/pexels-marcelo-moreira-1926620-1080x1536.jpg from 196 KB to 113 KB
[07-03-2023 05:28:04] Optimized file /wp-content/uploads/2023/01/pexels-marcelo-moreira-1926620-1439x2048.jpg from 301 KB to 176 KB
[07-03-2023 05:28:05] Optimized file /wp-content/uploads/2023/01/pexels-marcelo-moreira-1926620-324x324.jpg from 20 KB to 10 KB
[07-03-2023 05:28:06] Optimized file /wp-content/uploads/2023/01/pexels-marcelo-moreira-1926620-416x592.jpg from 40 KB to 22 KB
[07-03-2023 05:28:06] Optimized file /wp-content/uploads/2023/01/pexels-marcelo-moreira-1926620-100x100.jpg from 2 KB to 1 KB
[07-03-2023 05:28:08] Bulk optimization launched for file : D:\inetpub\wwwroot\Localuser\zckassa\WEB260\wordpress/wp-content/uploads/2023/01/TANKWA-volumizing-mascara-false-eyelash.jpg
[07-03-2023 05:28:08] Revert original image for : /wp-content/uploads/2023/01/TANKWA-volumizing-mascara-false-eyelash.jpg
[07-03-2023 05:28:10] Optimized file /wp-content/uploads/2023/01/TANKWA-volumizing-mascara-false-eyelash.jpg from 130 KB to 52 KB
[07-03-2023 05:28:10] Optimized file /wp-content/uploads/2023/01/TANKWA-volumizing-mascara-false-eyelash-300x233.jpg from 19 KB to 10 KB
[07-03-2023 05:28:11] Optimized file /wp-content/uploads/2023/01/TANKWA-volumizing-mascara-false-eyelash-150x150.jpg from 7 KB to 4 KB
[07-03-2023 05:28:11] Optimized file /wp-content/uploads/2023/01/TANKWA-volumizing-mascara-false-eyelash-324x324.jpg from 30 KB to 16 KB
[07-03-2023 05:28:12] Optimized file /wp-content/uploads/2023/01/TANKWA-volumizing-mascara-false-eyelash-416x324.jpg from 35 KB to 19 KB
[07-03-2023 05:28:12] Optimized file /wp-content/uploads/2023/01/TANKWA-volumizing-mascara-false-eyelash-100x100.jpg from 3 KB to 2 KB
[07-03-2023 05:28:15] Bulk optimization launched for file : D:\inetpub\wwwroot\Localuser\zckassa\WEB260\wordpress/wp-content/uploads/2023/01/TANKWA-volumizing-mascara-putting-on.jpg
[07-03-2023 05:28:15] Revert original image for : /wp-content/uploads/2023/01/TANKWA-volumizing-mascara-putting-on.jpg
[07-03-2023 05:28:16] Optimized file /wp-content/uploads/2023/01/TANKWA-volumizing-mascara-putting-on.jpg from 32 KB to 23 KB
[07-03-2023 05:28:17] Optimized file /wp-content/uploads/2023/01/TANKWA-volumizing-mascara-putting-on-200x300.jpg from 9 KB to 5 KB
[07-03-2023 05:28:17] Optimized file /wp-content/uploads/2023/01/TANKWA-volumizing-mascara-putting-on-150x150.jpg from 5 KB to 2 KB
[07-03-2023 05:28:18] Optimized file /wp-content/uploads/2023/01/TANKWA-volumizing-mascara-putting-on-324x324.jpg from 14 KB to 8 KB
[07-03-2023 05:28:19] Optimized file /wp-content/uploads/2023/01/TANKWA-volumizing-mascara-putting-on-416x624.jpg from 25 KB to 15 KB
[07-03-2023 05:28:19] Optimized file /wp-content/uploads/2023/01/TANKWA-volumizing-mascara-putting-on-100x100.jpg from 3 KB to 1 KB
[07-03-2023 05:28:21] Bulk optimization launched for file : D:\inetpub\wwwroot\Localuser\zckassa\WEB260\wordpress/wp-content/uploads/2023/01/TANKWA-eyebrow-pencil-.png
[07-03-2023 05:28:21] Revert original image for : /wp-content/uploads/2023/01/TANKWA-eyebrow-pencil-.png
[07-03-2023 05:28:23] Optimized file /wp-content/uploads/2023/01/TANKWA-eyebrow-pencil-.png from 124 KB to 46 KB
[07-03-2023 05:28:24] Optimized file /wp-content/uploads/2023/01/TANKWA-eyebrow-pencil--300x155.png from 53 KB to 19 KB
[07-03-2023 05:28:24] Optimized file /wp-content/uploads/2023/01/TANKWA-eyebrow-pencil--150x150.png from 29 KB to 12 KB
[07-03-2023 05:28:25] Optimized file /wp-content/uploads/2023/01/TANKWA-eyebrow-pencil--324x252.png from 91 KB to 37 KB
[07-03-2023 05:28:26] Optimized file /wp-content/uploads/2023/01/TANKWA-eyebrow-pencil--416x215.png from 93 KB to 33 KB
[07-03-2023 05:28:27] Optimized file /wp-content/uploads/2023/01/TANKWA-eyebrow-pencil--100x100.png from 14 KB to 6 KB
[07-03-2023 05:28:30] Bulk optimization launched for file : D:\inetpub\wwwroot\Localuser\zckassa\WEB260\wordpress/wp-content/uploads/2023/01/TANKWA-eye-shadow-palate-1.jpg
[07-03-2023 05:28:30] Revert original image for : /wp-content/uploads/2023/01/TANKWA-eye-shadow-palate-1.jpg
[07-03-2023 05:28:31] Optimized file /wp-content/uploads/2023/01/TANKWA-eye-shadow-palate-1.jpg from 26 KB to 12 KB
[07-03-2023 05:28:31] Optimized file /wp-content/uploads/2023/01/TANKWA-eye-shadow-palate-1-300x200.jpg from 6 KB to 3 KB
[07-03-2023 05:28:32] Optimized file /wp-content/uploads/2023/01/TANKWA-eye-shadow-palate-1-150x150.jpg from 4 KB to 2 KB
[07-03-2023 05:28:32] Optimized file /wp-content/uploads/2023/01/TANKWA-eye-shadow-palate-1-324x324.jpg from 12 KB to 7 KB
[07-03-2023 05:28:32] Optimized file /wp-content/uploads/2023/01/TANKWA-eye-shadow-palate-1-416x278.jpg from 10 KB to 6 KB
[07-03-2023 05:28:33] Optimized file /wp-content/uploads/2023/01/TANKWA-eye-shadow-palate-1-100x100.jpg from 2 KB to 1 KB
[07-03-2023 05:28:35] Bulk optimization launched for file : D:\inetpub\wwwroot\Localuser\zckassa\WEB260\wordpress/wp-content/uploads/2023/01/TANKWA-lipbalm-orange.jpg
[07-03-2023 05:28:35] Revert original image for : /wp-content/uploads/2023/01/TANKWA-lipbalm-orange.jpg
[07-03-2023 05:28:36] Optimized file /wp-content/uploads/2023/01/TANKWA-lipbalm-orange.jpg from 14 KB to 10 KB
[07-03-2023 05:28:36] Optimized file /wp-content/uploads/2023/01/TANKWA-lipbalm-orange-300x300.jpg from 7 KB to 4 KB
[07-03-2023 05:28:37] Optimized file /wp-content/uploads/2023/01/TANKWA-lipbalm-orange-150x150.jpg from 3 KB to 1 KB
[07-03-2023 05:28:37] Optimized file /wp-content/uploads/2023/01/TANKWA-lipbalm-orange-324x324.jpg from 8 KB to 5 KB
[07-03-2023 05:28:38] Optimized file /wp-content/uploads/2023/01/TANKWA-lipbalm-orange-416x416.jpg from 11 KB to 7 KB
[07-03-2023 05:28:38] Optimized file /wp-content/uploads/2023/01/TANKWA-lipbalm-orange-100x100.jpg from 2 KB to 1 KB
[07-03-2023 05:28:41] Bulk optimization launched for file : D:\inetpub\wwwroot\Localuser\zckassa\WEB260\wordpress/wp-content/uploads/2023/01/TANKWA-lipbalm-pink.jpg
[07-03-2023 05:28:41] Revert original image for : /wp-content/uploads/2023/01/TANKWA-lipbalm-pink.jpg
[07-03-2023 05:28:42] Optimized file /wp-content/uploads/2023/01/TANKWA-lipbalm-pink.jpg from 13 KB to 9 KB
[07-03-2023 05:28:42] Optimized file /wp-content/uploads/2023/01/TANKWA-lipbalm-pink-300x300.jpg from 6 KB to 4 KB
[07-03-2023 05:28:43] Optimized file /wp-content/uploads/2023/01/TANKWA-lipbalm-pink-150x150.jpg from 3 KB to 1 KB
[07-03-2023 05:28:43] Optimized file /wp-content/uploads/2023/01/TANKWA-lipbalm-pink-324x324.jpg from 7 KB to 4 KB
[07-03-2023 05:28:44] Optimized file /wp-content/uploads/2023/01/TANKWA-lipbalm-pink-416x416.jpg from 10 KB to 6 KB
[07-03-2023 05:28:44] Optimized file /wp-content/uploads/2023/01/TANKWA-lipbalm-pink-100x100.jpg from 2 KB to 1 KB
[07-03-2023 05:28:47] Bulk optimization launched for file : D:\inetpub\wwwroot\Localuser\zckassa\WEB260\wordpress/wp-content/uploads/2023/01/TANKWA-lipbalm-strawberry.jpg
[07-03-2023 05:28:47] Revert original image for : /wp-content/uploads/2023/01/TANKWA-lipbalm-strawberry.jpg
[07-03-2023 05:28:48] Optimized file /wp-content/uploads/2023/01/TANKWA-lipbalm-strawberry.jpg from 15 KB to 10 KB
[07-03-2023 05:28:48] Optimized file /wp-content/uploads/2023/01/TANKWA-lipbalm-strawberry-300x300.jpg from 7 KB to 4 KB
[07-03-2023 05:28:49] Optimized file /wp-content/uploads/2023/01/TANKWA-lipbalm-strawberry-150x150.jpg from 3 KB to 1 KB
[07-03-2023 05:28:49] Optimized file /wp-content/uploads/2023/01/TANKWA-lipbalm-strawberry-324x324.jpg from 8 KB to 5 KB
[07-03-2023 05:28:50] Optimized file /wp-content/uploads/2023/01/TANKWA-lipbalm-strawberry-416x416.jpg from 11 KB to 7 KB
[07-03-2023 05:28:50] Optimized file /wp-content/uploads/2023/01/TANKWA-lipbalm-strawberry-100x100.jpg from 2 KB to 1 KB
[07-03-2023 05:28:54] Bulk optimization launched for file : D:\inetpub\wwwroot\Localuser\zckassa\WEB260\wordpress/wp-content/uploads/2023/01/TANKWA-lipbam-lemongreen.jpg
[07-03-2023 05:28:54] Revert original image for : /wp-content/uploads/2023/01/TANKWA-lipbam-lemongreen.jpg
[07-03-2023 05:28:55] Optimized file /wp-content/uploads/2023/01/TANKWA-lipbam-lemongreen.jpg from 13 KB to 9 KB
[07-03-2023 05:28:55] Optimized file /wp-content/uploads/2023/01/TANKWA-lipbam-lemongreen-300x300.jpg from 6 KB to 3 KB
[07-03-2023 05:28:56] Optimized file /wp-content/uploads/2023/01/TANKWA-lipbam-lemongreen-150x150.jpg from 3 KB to 1 KB
[07-03-2023 05:28:56] Optimized file /wp-content/uploads/2023/01/TANKWA-lipbam-lemongreen-324x324.jpg from 7 KB to 4 KB
[07-03-2023 05:28:57] Optimized file /wp-content/uploads/2023/01/TANKWA-lipbam-lemongreen-416x416.jpg from 10 KB to 6 KB
[07-03-2023 05:28:57] Optimized file /wp-content/uploads/2023/01/TANKWA-lipbam-lemongreen-100x100.jpg from 2 KB to 1 KB
[07-03-2023 05:28:59] Bulk optimization launched for file : D:\inetpub\wwwroot\Localuser\zckassa\WEB260\wordpress/wp-content/uploads/2023/01/TANKWA-eye-shadow-makeup-palate-on-scaled.jpg
[07-03-2023 05:28:59] Revert original image for : /wp-content/uploads/2023/01/TANKWA-eye-shadow-makeup-palate-on-scaled.jpg
[07-03-2023 05:29:10] Optimized file /wp-content/uploads/2023/01/TANKWA-eye-shadow-makeup-palate-on-scaled.jpg from 1 MB to 597 KB
[07-03-2023 05:29:10] Optimized file /wp-content/uploads/2023/01/TANKWA-eye-shadow-makeup-palate-on-scaled-300x251.jpg from 13 KB to 6 KB
[07-03-2023 05:29:11] Optimized file /wp-content/uploads/2023/01/TANKWA-eye-shadow-makeup-palate-on-scaled-1024x858.jpg from 184 KB to 81 KB
[07-03-2023 05:29:12] Optimized file /wp-content/uploads/2023/01/TANKWA-eye-shadow-makeup-palate-on-scaled-150x150.jpg from 4 KB to 2 KB
[07-03-2023 05:29:13] Optimized file /wp-content/uploads/2023/01/TANKWA-eye-shadow-makeup-palate-on-scaled-768x644.jpg from 97 KB to 42 KB
[07-03-2023 05:29:15] Optimized file /wp-content/uploads/2023/01/TANKWA-eye-shadow-makeup-palate-on-scaled-1536x1287.jpg from 411 KB to 202 KB
[07-03-2023 05:29:20] Optimized file /wp-content/uploads/2023/01/TANKWA-eye-shadow-makeup-palate-on-scaled-2048x1716.jpg from 688 KB to 367 KB
[07-03-2023 05:29:20] Optimized file /wp-content/uploads/2023/01/TANKWA-eye-shadow-makeup-palate-on-scaled-324x324.jpg from 19 KB to 9 KB
[07-03-2023 05:29:21] Optimized file /wp-content/uploads/2023/01/TANKWA-eye-shadow-makeup-palate-on-scaled-416x349.jpg from 25 KB to 12 KB
[07-03-2023 05:29:21] Optimized file /wp-content/uploads/2023/01/TANKWA-eye-shadow-makeup-palate-on-scaled-100x100.jpg from 2 KB to 1 KB
[07-03-2023 05:29:23] Bulk optimization launched for file : D:\inetpub\wwwroot\Localuser\zckassa\WEB260\wordpress/wp-content/uploads/2023/01/TANKWA-volumizing-mascara-scaled.jpg
[07-03-2023 05:29:23] Revert original image for : /wp-content/uploads/2023/01/TANKWA-volumizing-mascara-scaled.jpg
[07-03-2023 05:29:30] Optimized file /wp-content/uploads/2023/01/TANKWA-volumizing-mascara-scaled.jpg from 426 KB to 161 KB
[07-03-2023 05:29:30] Optimized file /wp-content/uploads/2023/01/TANKWA-volumizing-mascara-scaled-300x225.jpg from 5 KB to 2 KB
[07-03-2023 05:29:31] Optimized file /wp-content/uploads/2023/01/TANKWA-volumizing-mascara-scaled-1024x768.jpg from 52 KB to 22 KB
[07-03-2023 05:29:32] Optimized file /wp-content/uploads/2023/01/TANKWA-volumizing-mascara-scaled-150x150.jpg from 2 KB to 1 KB
[07-03-2023 05:29:32] Optimized file /wp-content/uploads/2023/01/TANKWA-volumizing-mascara-scaled-768x576.jpg from 27 KB to 13 KB
[07-03-2023 05:29:33] Optimized file /wp-content/uploads/2023/01/TANKWA-volumizing-mascara-scaled-1536x1152.jpg from 132 KB to 51 KB
[07-03-2023 05:29:35] Optimized file /wp-content/uploads/2023/01/TANKWA-volumizing-mascara-scaled-2048x1536.jpg from 248 KB to 95 KB
[07-03-2023 05:29:36] Optimized file /wp-content/uploads/2023/01/TANKWA-volumizing-mascara-scaled-324x324.jpg from 8 KB to 4 KB
[07-03-2023 05:29:36] Optimized file /wp-content/uploads/2023/01/TANKWA-volumizing-mascara-scaled-416x312.jpg from 8 KB to 4 KB
[07-03-2023 05:29:37] Optimized file /wp-content/uploads/2023/01/TANKWA-volumizing-mascara-scaled-100x100.jpg from 1 KB to 1 KB
[07-03-2023 05:29:40] Bulk optimization launched for file : D:\inetpub\wwwroot\Localuser\zckassa\WEB260\wordpress/wp-content/uploads/2023/02/cosmetics-ge6bddc817_1920.jpg
[07-03-2023 05:29:40] Revert original image for : /wp-content/uploads/2023/02/cosmetics-ge6bddc817_1920.jpg
[07-03-2023 05:29:48] Optimized file /wp-content/uploads/2023/02/cosmetics-ge6bddc817_1920.jpg from 1 MB to 497 KB
[07-03-2023 05:29:48] Optimized file /wp-content/uploads/2023/02/cosmetics-ge6bddc817_1920-300x235.jpg from 21 KB to 9 KB
[07-03-2023 05:29:50] Optimized file /wp-content/uploads/2023/02/cosmetics-ge6bddc817_1920-1024x803.jpg from 245 KB to 129 KB
[07-03-2023 05:29:51] Optimized file /wp-content/uploads/2023/02/cosmetics-ge6bddc817_1920-150x150.jpg from 6 KB to 3 KB
[07-03-2023 05:29:52] Optimized file /wp-content/uploads/2023/02/cosmetics-ge6bddc817_1920-768x602.jpg from 144 KB to 74 KB
[07-03-2023 05:29:55] Optimized file /wp-content/uploads/2023/02/cosmetics-ge6bddc817_1920-1536x1204.jpg from 515 KB to 275 KB
[07-03-2023 05:29:56] Optimized file /wp-content/uploads/2023/02/cosmetics-ge6bddc817_1920-324x324.jpg from 35 KB to 17 KB
[07-03-2023 05:29:56] Optimized file /wp-content/uploads/2023/02/cosmetics-ge6bddc817_1920-416x326.jpg from 41 KB to 20 KB
[07-03-2023 05:29:57] Optimized file /wp-content/uploads/2023/02/cosmetics-ge6bddc817_1920-100x100.jpg from 3 KB to 1 KB
[07-03-2023 05:30:00] Bulk optimization launched for file : D:\inetpub\wwwroot\Localuser\zckassa\WEB260\wordpress/wp-content/uploads/2023/02/kelly-sikkema-YZ8usdlqw8A-unsplash-scaled.jpg
[07-03-2023 05:30:00] Revert original image for : /wp-content/uploads/2023/02/kelly-sikkema-YZ8usdlqw8A-unsplash-scaled.jpg
[07-03-2023 05:30:06] Optimized file /wp-content/uploads/2023/02/kelly-sikkema-YZ8usdlqw8A-unsplash-scaled.jpg from 265 KB to 143 KB
[07-03-2023 05:30:06] Optimized file /wp-content/uploads/2023/02/kelly-sikkema-YZ8usdlqw8A-unsplash-scaled-300x200.jpg from 9 KB to 5 KB
[07-03-2023 05:30:07] Optimized file /wp-content/uploads/2023/02/kelly-sikkema-YZ8usdlqw8A-unsplash-scaled-1024x683.jpg from 59 KB to 34 KB
[07-03-2023 05:30:07] Optimized file /wp-content/uploads/2023/02/kelly-sikkema-YZ8usdlqw8A-unsplash-scaled-150x150.jpg from 3 KB to 1 KB
[07-03-2023 05:30:08] Optimized file /wp-content/uploads/2023/02/kelly-sikkema-YZ8usdlqw8A-unsplash-scaled-768x512.jpg from 38 KB to 22 KB
[07-03-2023 05:30:09] Optimized file /wp-content/uploads/2023/02/kelly-sikkema-YZ8usdlqw8A-unsplash-scaled-1536x1024.jpg from 112 KB to 63 KB
[07-03-2023 05:30:11] Optimized file /wp-content/uploads/2023/02/kelly-sikkema-YZ8usdlqw8A-unsplash-scaled-2048x1366.jpg from 178 KB to 98 KB
[07-03-2023 05:30:11] Optimized file /wp-content/uploads/2023/02/kelly-sikkema-YZ8usdlqw8A-unsplash-scaled-324x324.jpg from 9 KB to 5 KB
[07-03-2023 05:30:12] Optimized file /wp-content/uploads/2023/02/kelly-sikkema-YZ8usdlqw8A-unsplash-scaled-416x277.jpg from 15 KB to 9 KB
[07-03-2023 05:30:12] Optimized file /wp-content/uploads/2023/02/kelly-sikkema-YZ8usdlqw8A-unsplash-scaled-100x100.jpg from 2 KB to 1 KB
[07-03-2023 05:30:14] Bulk optimization launched for file : D:\inetpub\wwwroot\Localuser\zckassa\WEB260\wordpress/wp-content/uploads/2023/02/ian-dooley-y_CSTKJ0bEs-unsplash-scaled.jpg
[07-03-2023 05:30:14] Revert original image for : /wp-content/uploads/2023/02/ian-dooley-y_CSTKJ0bEs-unsplash-scaled.jpg
[07-03-2023 05:30:19] Optimized file /wp-content/uploads/2023/02/ian-dooley-y_CSTKJ0bEs-unsplash-scaled.jpg from 132 KB to 60 KB
[07-03-2023 05:30:19] Optimized file /wp-content/uploads/2023/02/ian-dooley-y_CSTKJ0bEs-unsplash-scaled-200x300.jpg from 4 KB to 2 KB
[07-03-2023 05:30:20] Optimized file /wp-content/uploads/2023/02/ian-dooley-y_CSTKJ0bEs-unsplash-scaled-683x1024.jpg from 27 KB to 14 KB
[07-03-2023 05:30:20] Optimized file /wp-content/uploads/2023/02/ian-dooley-y_CSTKJ0bEs-unsplash-scaled-150x150.jpg from 2 KB to 1 KB
[07-03-2023 05:30:21] Optimized file /wp-content/uploads/2023/02/ian-dooley-y_CSTKJ0bEs-unsplash-scaled-768x1152.jpg from 32 KB to 17 KB
[07-03-2023 05:30:22] Optimized file /wp-content/uploads/2023/02/ian-dooley-y_CSTKJ0bEs-unsplash-scaled-1024x1536.jpg from 53 KB to 26 KB
[07-03-2023 05:30:23] Optimized file /wp-content/uploads/2023/02/ian-dooley-y_CSTKJ0bEs-unsplash-scaled-1366x2048.jpg from 88 KB to 42 KB
[07-03-2023 05:30:23] Optimized file /wp-content/uploads/2023/02/ian-dooley-y_CSTKJ0bEs-unsplash-scaled-324x324.jpg from 7 KB to 4 KB
[07-03-2023 05:30:24] Optimized file /wp-content/uploads/2023/02/ian-dooley-y_CSTKJ0bEs-unsplash-scaled-416x624.jpg from 12 KB to 7 KB
[07-03-2023 05:30:24] Optimized file /wp-content/uploads/2023/02/ian-dooley-y_CSTKJ0bEs-unsplash-scaled-100x100.jpg from 1 KB to 1023 B
[07-03-2023 05:30:27] Bulk optimization launched for file : D:\inetpub\wwwroot\Localuser\zckassa\WEB260\wordpress/wp-content/uploads/2023/02/TANKWA-Kinky-Curl-Defining-Hair-Cream-scaled.jpg
[07-03-2023 05:30:27] Revert original image for : /wp-content/uploads/2023/02/TANKWA-Kinky-Curl-Defining-Hair-Cream-scaled.jpg
[07-03-2023 05:30:33] Optimized file /wp-content/uploads/2023/02/TANKWA-Kinky-Curl-Defining-Hair-Cream-scaled.jpg from 176 KB to 84 KB
[07-03-2023 05:30:33] Optimized file /wp-content/uploads/2023/02/TANKWA-Kinky-Curl-Defining-Hair-Cream-scaled-300x300.jpg from 7 KB to 4 KB
[07-03-2023 05:30:34] Optimized file /wp-content/uploads/2023/02/TANKWA-Kinky-Curl-Defining-Hair-Cream-scaled-1024x1024.jpg from 40 KB to 21 KB
[07-03-2023 05:30:35] Optimized file /wp-content/uploads/2023/02/TANKWA-Kinky-Curl-Defining-Hair-Cream-scaled-150x150.jpg from 3 KB to 1 KB
[07-03-2023 05:30:35] Optimized file /wp-content/uploads/2023/02/TANKWA-Kinky-Curl-Defining-Hair-Cream-scaled-768x768.jpg from 26 KB to 14 KB
[07-03-2023 05:30:36] Optimized file /wp-content/uploads/2023/02/TANKWA-Kinky-Curl-Defining-Hair-Cream-scaled-1536x1536.jpg from 76 KB to 39 KB
[07-03-2023 05:30:37] Optimized file /wp-content/uploads/2023/02/TANKWA-Kinky-Curl-Defining-Hair-Cream-scaled-2048x2048.jpg from 121 KB to 59 KB
[07-03-2023 05:30:38] Optimized file /wp-content/uploads/2023/02/TANKWA-Kinky-Curl-Defining-Hair-Cream-scaled-324x324.jpg from 8 KB to 4 KB
[07-03-2023 05:30:38] Optimized file /wp-content/uploads/2023/02/TANKWA-Kinky-Curl-Defining-Hair-Cream-scaled-416x416.jpg from 11 KB to 6 KB
[07-03-2023 05:30:39] Optimized file /wp-content/uploads/2023/02/TANKWA-Kinky-Curl-Defining-Hair-Cream-scaled-100x100.jpg from 2 KB to 1 KB
[07-03-2023 05:30:41] Bulk optimization launched for file : D:\inetpub\wwwroot\Localuser\zckassa\WEB260\wordpress/wp-content/uploads/2023/02/TANKWA-Kinky-Curl-Defining-Hair-Cream-on-hand--scaled.jpg
[07-03-2023 05:30:41] Revert original image for : /wp-content/uploads/2023/02/TANKWA-Kinky-Curl-Defining-Hair-Cream-on-hand--scaled.jpg
[07-03-2023 05:30:45] Optimized file /wp-content/uploads/2023/02/TANKWA-Kinky-Curl-Defining-Hair-Cream-on-hand--scaled.jpg from 132 KB to 60 KB
[07-03-2023 05:30:45] Optimized file /wp-content/uploads/2023/02/TANKWA-Kinky-Curl-Defining-Hair-Cream-on-hand--scaled-200x300.jpg from 4 KB to 2 KB
[07-03-2023 05:30:46] Optimized file /wp-content/uploads/2023/02/TANKWA-Kinky-Curl-Defining-Hair-Cream-on-hand--scaled-683x1024.jpg from 27 KB to 14 KB
[07-03-2023 05:30:47] Optimized file /wp-content/uploads/2023/02/TANKWA-Kinky-Curl-Defining-Hair-Cream-on-hand--scaled-150x150.jpg from 2 KB to 1 KB
[07-03-2023 05:30:47] Optimized file /wp-content/uploads/2023/02/TANKWA-Kinky-Curl-Defining-Hair-Cream-on-hand--scaled-768x1152.jpg from 32 KB to 17 KB
[07-03-2023 05:30:48] Optimized file /wp-content/uploads/2023/02/TANKWA-Kinky-Curl-Defining-Hair-Cream-on-hand--scaled-1024x1536.jpg from 53 KB to 26 KB
[07-03-2023 05:30:50] Optimized file /wp-content/uploads/2023/02/TANKWA-Kinky-Curl-Defining-Hair-Cream-on-hand--scaled-1366x2048.jpg from 88 KB to 42 KB
[07-03-2023 05:30:52] Optimized file /wp-content/uploads/2023/02/TANKWA-Kinky-Curl-Defining-Hair-Cream-on-hand--scaled-324x324.jpg from 7 KB to 4 KB
[07-03-2023 05:30:53] Optimized file /wp-content/uploads/2023/02/TANKWA-Kinky-Curl-Defining-Hair-Cream-on-hand--scaled-416x624.jpg from 12 KB to 7 KB
[07-03-2023 05:30:54] Optimized file /wp-content/uploads/2023/02/TANKWA-Kinky-Curl-Defining-Hair-Cream-on-hand--scaled-100x100.jpg from 1 KB to 1023 B
[07-03-2023 05:32:57] Revert original image for : /wp-content/uploads/2023/01/TANKWA-eye-shadow-makeup-palate-on-scaled.jpg
[07-03-2023 05:33:06] Optimized file /wp-content/uploads/2023/01/TANKWA-eye-shadow-makeup-palate-on-scaled.jpg from 597 KB to 597 KB
[07-03-2023 05:33:06] Optimized file /wp-content/uploads/2023/01/TANKWA-eye-shadow-makeup-palate-on-scaled-300x251.jpg from 13 KB to 6 KB
[07-03-2023 05:33:07] Optimized file /wp-content/uploads/2023/01/TANKWA-eye-shadow-makeup-palate-on-scaled-1024x858.jpg from 180 KB to 81 KB
[07-03-2023 05:33:08] Optimized file /wp-content/uploads/2023/01/TANKWA-eye-shadow-makeup-palate-on-scaled-150x150.jpg from 4 KB to 2 KB
[07-03-2023 05:33:09] Optimized file /wp-content/uploads/2023/01/TANKWA-eye-shadow-makeup-palate-on-scaled-768x644.jpg from 97 KB to 42 KB
[07-03-2023 05:33:12] Optimized file /wp-content/uploads/2023/01/TANKWA-eye-shadow-makeup-palate-on-scaled-1536x1287.jpg from 395 KB to 199 KB
[07-03-2023 05:33:16] Optimized file /wp-content/uploads/2023/01/TANKWA-eye-shadow-makeup-palate-on-scaled-2048x1716.jpg from 648 KB to 355 KB
[07-03-2023 05:33:16] Optimized file /wp-content/uploads/2023/01/TANKWA-eye-shadow-makeup-palate-on-scaled-324x324.jpg from 19 KB to 9 KB
[07-03-2023 05:33:17] Optimized file /wp-content/uploads/2023/01/TANKWA-eye-shadow-makeup-palate-on-scaled-416x349.jpg from 25 KB to 12 KB
[07-03-2023 05:33:17] Optimized file /wp-content/uploads/2023/01/TANKWA-eye-shadow-makeup-palate-on-scaled-100x100.jpg from 2 KB to 1 KB
[07-03-2023 05:34:54] Revert original image for : /wp-content/uploads/2023/01/TANKWA-lipbalm-strawberry.jpg
[07-03-2023 05:34:55] Optimized file /wp-content/uploads/2023/01/TANKWA-lipbalm-strawberry.jpg from 15 KB to 10 KB
[07-03-2023 05:34:56] Optimized file /wp-content/uploads/2023/01/TANKWA-lipbalm-strawberry-300x300.jpg from 7 KB to 4 KB
[07-03-2023 05:34:56] Optimized file /wp-content/uploads/2023/01/TANKWA-lipbalm-strawberry-150x150.jpg from 3 KB to 1 KB
[07-03-2023 05:34:57] Optimized file /wp-content/uploads/2023/01/TANKWA-lipbalm-strawberry-324x324.jpg from 8 KB to 5 KB
[07-03-2023 05:34:57] Optimized file /wp-content/uploads/2023/01/TANKWA-lipbalm-strawberry-416x416.jpg from 11 KB to 7 KB
[07-03-2023 05:34:57] Optimized file /wp-content/uploads/2023/01/TANKWA-lipbalm-strawberry-100x100.jpg from 2 KB to 1 KB
[07-03-2023 05:36:10] Revert original image for : /wp-content/uploads/2023/01/TANKWA-eye-shadow-palate-1.jpg
[07-03-2023 05:36:11] Optimized file /wp-content/uploads/2023/01/TANKWA-eye-shadow-palate-1.jpg from 26 KB to 12 KB
[07-03-2023 05:36:11] Optimized file /wp-content/uploads/2023/01/TANKWA-eye-shadow-palate-1-300x200.jpg from 6 KB to 3 KB
[07-03-2023 05:36:12] Optimized file /wp-content/uploads/2023/01/TANKWA-eye-shadow-palate-1-150x150.jpg from 4 KB to 2 KB
[07-03-2023 05:36:12] Optimized file /wp-content/uploads/2023/01/TANKWA-eye-shadow-palate-1-324x324.jpg from 12 KB to 7 KB
[07-03-2023 05:36:13] Optimized file /wp-content/uploads/2023/01/TANKWA-eye-shadow-palate-1-416x278.jpg from 10 KB to 6 KB
[07-03-2023 05:36:13] Optimized file /wp-content/uploads/2023/01/TANKWA-eye-shadow-palate-1-100x100.jpg from 2 KB to 1 KB
[07-03-2023 05:37:36] Revert original image for : /wp-content/uploads/2023/02/CK-Conditioner-scaled.jpg
[07-03-2023 05:37:41] Optimized file /wp-content/uploads/2023/02/CK-Conditioner-scaled.jpg from 357 KB to 154 KB
[07-03-2023 05:37:42] Optimized file /wp-content/uploads/2023/02/CK-Conditioner-scaled-200x300.jpg from 6 KB to 3 KB
[07-03-2023 05:37:42] Optimized file /wp-content/uploads/2023/02/CK-Conditioner-scaled-683x1024.jpg from 49 KB to 25 KB
[07-03-2023 05:37:43] Optimized file /wp-content/uploads/2023/02/CK-Conditioner-scaled-150x150.jpg from 3 KB to 1 KB
[07-03-2023 05:37:44] Optimized file /wp-content/uploads/2023/02/CK-Conditioner-scaled-768x1152.jpg from 61 KB to 30 KB
[07-03-2023 05:37:45] Optimized file /wp-content/uploads/2023/02/CK-Conditioner-scaled-1024x1536.jpg from 109 KB to 51 KB
[07-03-2023 05:37:47] Optimized file /wp-content/uploads/2023/02/CK-Conditioner-scaled-1366x2048.jpg from 198 KB to 90 KB
[07-03-2023 05:37:47] Optimized file /wp-content/uploads/2023/02/CK-Conditioner-scaled-324x324.jpg from 8 KB to 4 KB
[07-03-2023 05:37:48] Optimized file /wp-content/uploads/2023/02/CK-Conditioner-scaled-416x624.jpg from 19 KB to 11 KB
[07-03-2023 05:37:48] Optimized file /wp-content/uploads/2023/02/CK-Conditioner-scaled-100x100.jpg from 2 KB to 1 KB
[07-03-2023 05:47:30] Revert original image for : /wp-content/uploads/2023/01/Zizi-Lip-Balm-blackgirl.jpg
[07-03-2023 05:47:34] Optimized file /wp-content/uploads/2023/01/Zizi-Lip-Balm-blackgirl.jpg from 58 KB to 41 KB
[07-03-2023 05:47:38] Optimized file /wp-content/uploads/2023/01/Zizi-Lip-Balm-blackgirl-200x300.jpg from 13 KB to 7 KB
[07-03-2023 05:47:39] Optimized file /wp-content/uploads/2023/01/Zizi-Lip-Balm-blackgirl-150x150.jpg from 5 KB to 3 KB
[07-03-2023 05:47:42] Optimized file /wp-content/uploads/2023/01/Zizi-Lip-Balm-blackgirl-324x324.jpg from 17 KB to 10 KB
[07-03-2023 05:47:44] Optimized file /wp-content/uploads/2023/01/Zizi-Lip-Balm-blackgirl-416x624.jpg from 42 KB to 24 KB
[07-03-2023 05:47:45] Optimized file /wp-content/uploads/2023/01/Zizi-Lip-Balm-blackgirl-100x100.jpg from 3 KB to 1 KB
[07-03-2023 05:49:08] Bulk optimization launched for file : D:\inetpub\wwwroot\Localuser\zckassa\WEB260\wordpress/wp-content/uploads/2023/02/Ades-Hair-Oil-scaled.jpg
[07-03-2023 05:49:08] Revert original image for : /wp-content/uploads/2023/02/Ades-Hair-Oil-scaled.jpg
[07-03-2023 05:49:13] Optimized file /wp-content/uploads/2023/02/Ades-Hair-Oil-scaled.jpg from 183 KB to 84 KB
[07-03-2023 05:49:14] Optimized file /wp-content/uploads/2023/02/Ades-Hair-Oil-scaled-200x300.jpg from 6 KB to 3 KB
[07-03-2023 05:49:14] Optimized file /wp-content/uploads/2023/02/Ades-Hair-Oil-scaled-683x1024.jpg from 36 KB to 20 KB
[07-03-2023 05:49:15] Optimized file /wp-content/uploads/2023/02/Ades-Hair-Oil-scaled-150x150.jpg from 3 KB to 2 KB
[07-03-2023 05:49:16] Optimized file /wp-content/uploads/2023/02/Ades-Hair-Oil-scaled-768x1152.jpg from 43 KB to 24 KB
[07-03-2023 05:49:16] Optimized file /wp-content/uploads/2023/02/Ades-Hair-Oil-scaled-1024x1536.jpg from 69 KB to 37 KB
[07-03-2023 05:49:18] Optimized file /wp-content/uploads/2023/02/Ades-Hair-Oil-scaled-1366x2048.jpg from 116 KB to 59 KB
[07-03-2023 05:49:18] Optimized file /wp-content/uploads/2023/02/Ades-Hair-Oil-scaled-324x324.jpg from 8 KB to 5 KB
[07-03-2023 05:49:19] Optimized file /wp-content/uploads/2023/02/Ades-Hair-Oil-scaled-416x624.jpg from 17 KB to 10 KB
[07-03-2023 05:49:19] Optimized file /wp-content/uploads/2023/02/Ades-Hair-Oil-scaled-100x100.jpg from 2 KB to 1 KB
[07-03-2023 05:49:22] Bulk optimization launched for file : D:\inetpub\wwwroot\Localuser\zckassa\WEB260\wordpress/wp-content/uploads/2023/02/Ades-Hair-Oil-drops-scaled.jpg
[07-03-2023 05:49:22] Revert original image for : /wp-content/uploads/2023/02/Ades-Hair-Oil-drops-scaled.jpg
[07-03-2023 05:49:29] Optimized file /wp-content/uploads/2023/02/Ades-Hair-Oil-drops-scaled.jpg from 228 KB to 109 KB
[07-03-2023 05:49:29] Optimized file /wp-content/uploads/2023/02/Ades-Hair-Oil-drops-scaled-300x200.jpg from 8 KB to 5 KB
[07-03-2023 05:49:30] Optimized file /wp-content/uploads/2023/02/Ades-Hair-Oil-drops-scaled-1024x683.jpg from 45 KB to 26 KB
[07-03-2023 05:49:30] Optimized file /wp-content/uploads/2023/02/Ades-Hair-Oil-drops-scaled-150x150.jpg from 4 KB to 2 KB
[07-03-2023 05:49:31] Optimized file /wp-content/uploads/2023/02/Ades-Hair-Oil-drops-scaled-768x512.jpg from 28 KB to 17 KB
[07-03-2023 05:49:32] Optimized file /wp-content/uploads/2023/02/Ades-Hair-Oil-drops-scaled-1536x1024.jpg from 87 KB to 47 KB
[07-03-2023 05:49:33] Optimized file /wp-content/uploads/2023/02/Ades-Hair-Oil-drops-scaled-2048x1366.jpg from 146 KB to 75 KB
[07-03-2023 05:49:34] Optimized file /wp-content/uploads/2023/02/Ades-Hair-Oil-drops-scaled-324x324.jpg from 12 KB to 8 KB
[07-03-2023 05:49:34] Optimized file /wp-content/uploads/2023/02/Ades-Hair-Oil-drops-scaled-416x277.jpg from 12 KB to 7 KB
[07-03-2023 05:49:35] Optimized file /wp-content/uploads/2023/02/Ades-Hair-Oil-drops-scaled-100x100.jpg from 3 KB to 1 KB
[07-03-2023 05:49:37] Bulk optimization launched for file : D:\inetpub\wwwroot\Localuser\zckassa\WEB260\wordpress/wp-content/uploads/2023/02/Ades-Hair-Oil-eyoel-kahssay-.jpg
[07-03-2023 05:49:37] Revert original image for : /wp-content/uploads/2023/02/Ades-Hair-Oil-eyoel-kahssay-.jpg
[07-03-2023 05:49:39] Optimized file /wp-content/uploads/2023/02/Ades-Hair-Oil-eyoel-kahssay-.jpg from 306 KB to 48 KB
[07-03-2023 05:49:40] Optimized file /wp-content/uploads/2023/02/Ades-Hair-Oil-eyoel-kahssay--200x300.jpg from 16 KB to 9 KB
[07-03-2023 05:49:40] Optimized file /wp-content/uploads/2023/02/Ades-Hair-Oil-eyoel-kahssay--150x150.jpg from 7 KB to 4 KB
[07-03-2023 05:49:41] Optimized file /wp-content/uploads/2023/02/Ades-Hair-Oil-eyoel-kahssay--324x324.jpg from 26 KB to 15 KB
[07-03-2023 05:49:42] Optimized file /wp-content/uploads/2023/02/Ades-Hair-Oil-eyoel-kahssay--416x624.jpg from 52 KB to 30 KB
[07-03-2023 05:49:42] Optimized file /wp-content/uploads/2023/02/Ades-Hair-Oil-eyoel-kahssay--100x100.jpg from 4 KB to 2 KB
[07-03-2023 05:49:45] Bulk optimization launched for file : D:\inetpub\wwwroot\Localuser\zckassa\WEB260\wordpress/wp-content/uploads/2023/02/Fav-Nail-polish-scaled.jpg
[07-03-2023 05:49:45] Revert original image for : /wp-content/uploads/2023/02/Fav-Nail-polish-scaled.jpg
[07-03-2023 05:49:52] Optimized file /wp-content/uploads/2023/02/Fav-Nail-polish-scaled.jpg from 269 KB to 140 KB
[07-03-2023 05:49:52] Optimized file /wp-content/uploads/2023/02/Fav-Nail-polish-scaled-300x221.jpg from 9 KB to 5 KB
[07-03-2023 05:49:53] Optimized file /wp-content/uploads/2023/02/Fav-Nail-polish-scaled-1024x753.jpg from 59 KB to 34 KB
[07-03-2023 05:49:53] Optimized file /wp-content/uploads/2023/02/Fav-Nail-polish-scaled-150x150.jpg from 5 KB to 3 KB
[07-03-2023 05:49:54] Optimized file /wp-content/uploads/2023/02/Fav-Nail-polish-scaled-768x565.jpg from 37 KB to 22 KB
[07-03-2023 05:49:55] Optimized file /wp-content/uploads/2023/02/Fav-Nail-polish-scaled-1536x1129.jpg from 114 KB to 63 KB
[07-03-2023 05:49:57] Optimized file /wp-content/uploads/2023/02/Fav-Nail-polish-scaled-2048x1506.jpg from 182 KB to 99 KB
[07-03-2023 05:49:57] Optimized file /wp-content/uploads/2023/02/Fav-Nail-polish-scaled-324x324.jpg from 15 KB to 9 KB
[07-03-2023 05:49:58] Optimized file /wp-content/uploads/2023/02/Fav-Nail-polish-scaled-416x306.jpg from 14 KB to 9 KB
[07-03-2023 05:49:58] Optimized file /wp-content/uploads/2023/02/Fav-Nail-polish-scaled-100x100.jpg from 3 KB to 1 KB
[07-03-2023 05:50:01] Bulk optimization launched for file : D:\inetpub\wwwroot\Localuser\zckassa\WEB260\wordpress/wp-content/uploads/2023/02/Fav-nail-polish-finger-nails-scaled.jpg
[07-03-2023 05:50:01] Revert original image for : /wp-content/uploads/2023/02/Fav-nail-polish-finger-nails-scaled.jpg
[07-03-2023 05:50:07] Optimized file /wp-content/uploads/2023/02/Fav-nail-polish-finger-nails-scaled.jpg from 362 KB to 172 KB
[07-03-2023 05:50:08] Optimized file /wp-content/uploads/2023/02/Fav-nail-polish-finger-nails-scaled-240x300.jpg from 9 KB to 5 KB
[07-03-2023 05:50:09] Optimized file /wp-content/uploads/2023/02/Fav-nail-polish-finger-nails-scaled-819x1024.jpg from 68 KB to 35 KB
[07-03-2023 05:50:09] Optimized file /wp-content/uploads/2023/02/Fav-nail-polish-finger-nails-scaled-150x150.jpg from 4 KB to 2 KB
[07-03-2023 05:50:10] Optimized file /wp-content/uploads/2023/02/Fav-nail-polish-finger-nails-scaled-768x960.jpg from 61 KB to 32 KB
[07-03-2023 05:50:11] Optimized file /wp-content/uploads/2023/02/Fav-nail-polish-finger-nails-scaled-1229x1536.jpg from 140 KB to 70 KB
[07-03-2023 05:50:14] Optimized file /wp-content/uploads/2023/02/Fav-nail-polish-finger-nails-scaled-1638x2048.jpg from 232 KB to 115 KB
[07-03-2023 05:50:14] Optimized file /wp-content/uploads/2023/02/Fav-nail-polish-finger-nails-scaled-324x324.jpg from 14 KB to 8 KB
[07-03-2023 05:50:15] Optimized file /wp-content/uploads/2023/02/Fav-nail-polish-finger-nails-scaled-416x520.jpg from 21 KB to 12 KB
[07-03-2023 05:50:15] Optimized file /wp-content/uploads/2023/02/Fav-nail-polish-finger-nails-scaled-100x100.jpg from 2 KB to 1 KB
[07-03-2023 05:50:18] Bulk optimization launched for file : D:\inetpub\wwwroot\Localuser\zckassa\WEB260\wordpress/wp-content/uploads/2023/02/Fav-nail-polish-pedicure.jpg
[07-03-2023 05:50:18] Revert original image for : /wp-content/uploads/2023/02/Fav-nail-polish-pedicure.jpg
[07-03-2023 05:50:19] Optimized file /wp-content/uploads/2023/02/Fav-nail-polish-pedicure.jpg from 32 KB to 22 KB
[07-03-2023 05:50:19] Optimized file /wp-content/uploads/2023/02/Fav-nail-polish-pedicure-300x300.jpg from 13 KB to 7 KB
[07-03-2023 05:50:20] Optimized file /wp-content/uploads/2023/02/Fav-nail-polish-pedicure-150x150.jpg from 4 KB to 2 KB
[07-03-2023 05:50:20] Optimized file /wp-content/uploads/2023/02/Fav-nail-polish-pedicure-324x324.jpg from 15 KB to 8 KB
[07-03-2023 05:50:21] Optimized file /wp-content/uploads/2023/02/Fav-nail-polish-pedicure-416x416.jpg from 22 KB to 12 KB
[07-03-2023 05:50:21] Optimized file /wp-content/uploads/2023/02/Fav-nail-polish-pedicure-100x100.jpg from 2 KB to 1 KB
[07-03-2023 05:50:25] Bulk optimization launched for file : D:\inetpub\wwwroot\Localuser\zckassa\WEB260\wordpress/wp-content/uploads/2023/02/Dr.Chanyalew-Hair-Conditioner.jpg
[07-03-2023 05:50:25] Revert original image for : /wp-content/uploads/2023/02/Dr.Chanyalew-Hair-Conditioner.jpg
[07-03-2023 05:50:26] Optimized file /wp-content/uploads/2023/02/Dr.Chanyalew-Hair-Conditioner.jpg from 29 KB to 20 KB
[07-03-2023 05:50:26] Optimized file /wp-content/uploads/2023/02/Dr.Chanyalew-Hair-Conditioner-300x200.jpg from 13 KB to 8 KB
[07-03-2023 05:50:27] Optimized file /wp-content/uploads/2023/02/Dr.Chanyalew-Hair-Conditioner-150x150.jpg from 7 KB to 4 KB
[07-03-2023 05:50:27] Optimized file /wp-content/uploads/2023/02/Dr.Chanyalew-Hair-Conditioner-324x324.jpg from 23 KB to 13 KB
[07-03-2023 05:50:28] Optimized file /wp-content/uploads/2023/02/Dr.Chanyalew-Hair-Conditioner-416x277.jpg from 21 KB to 13 KB
[07-03-2023 05:50:28] Optimized file /wp-content/uploads/2023/02/Dr.Chanyalew-Hair-Conditioner-100x100.jpg from 4 KB to 2 KB
[07-03-2023 05:50:30] Bulk optimization launched for file : D:\inetpub\wwwroot\Localuser\zckassa\WEB260\wordpress/wp-content/uploads/2023/02/Dr.Chanyalew-Hair-Conditioner-1.jpg
[07-03-2023 05:50:30] Revert original image for : /wp-content/uploads/2023/02/Dr.Chanyalew-Hair-Conditioner-1.jpg
[07-03-2023 05:50:31] Optimized file /wp-content/uploads/2023/02/Dr.Chanyalew-Hair-Conditioner-1.jpg from 29 KB to 20 KB
[07-03-2023 05:50:32] Optimized file /wp-content/uploads/2023/02/Dr.Chanyalew-Hair-Conditioner-1-300x200.jpg from 13 KB to 8 KB
[07-03-2023 05:50:32] Optimized file /wp-content/uploads/2023/02/Dr.Chanyalew-Hair-Conditioner-1-150x150.jpg from 7 KB to 4 KB
[07-03-2023 05:50:33] Optimized file /wp-content/uploads/2023/02/Dr.Chanyalew-Hair-Conditioner-1-324x324.jpg from 23 KB to 13 KB
[07-03-2023 05:50:33] Optimized file /wp-content/uploads/2023/02/Dr.Chanyalew-Hair-Conditioner-1-416x277.jpg from 21 KB to 13 KB
[07-03-2023 05:50:34] Optimized file /wp-content/uploads/2023/02/Dr.Chanyalew-Hair-Conditioner-1-100x100.jpg from 4 KB to 2 KB
[07-03-2023 05:50:37] Bulk optimization launched for file : D:\inetpub\wwwroot\Localuser\zckassa\WEB260\wordpress/wp-content/uploads/2023/02/Dr.Chanyalew-Hair-conditioner-2-scaled.jpg
[07-03-2023 05:50:37] Revert original image for : /wp-content/uploads/2023/02/Dr.Chanyalew-Hair-conditioner-2-scaled.jpg
[07-03-2023 05:50:43] Optimized file /wp-content/uploads/2023/02/Dr.Chanyalew-Hair-conditioner-2-scaled.jpg from 357 KB to 154 KB
[07-03-2023 05:50:44] Optimized file /wp-content/uploads/2023/02/Dr.Chanyalew-Hair-conditioner-2-scaled-200x300.jpg from 6 KB to 3 KB
[07-03-2023 05:50:44] Optimized file /wp-content/uploads/2023/02/Dr.Chanyalew-Hair-conditioner-2-scaled-683x1024.jpg from 49 KB to 25 KB
[07-03-2023 05:50:45] Optimized file /wp-content/uploads/2023/02/Dr.Chanyalew-Hair-conditioner-2-scaled-150x150.jpg from 3 KB to 1 KB
[07-03-2023 05:50:46] Optimized file /wp-content/uploads/2023/02/Dr.Chanyalew-Hair-conditioner-2-scaled-768x1152.jpg from 61 KB to 30 KB
[07-03-2023 05:50:47] Optimized file /wp-content/uploads/2023/02/Dr.Chanyalew-Hair-conditioner-2-scaled-1024x1536.jpg from 109 KB to 51 KB
[07-03-2023 05:50:49] Optimized file /wp-content/uploads/2023/02/Dr.Chanyalew-Hair-conditioner-2-scaled-1366x2048.jpg from 198 KB to 90 KB
[07-03-2023 05:50:50] Optimized file /wp-content/uploads/2023/02/Dr.Chanyalew-Hair-conditioner-2-scaled-324x324.jpg from 8 KB to 4 KB
[07-03-2023 05:50:50] Optimized file /wp-content/uploads/2023/02/Dr.Chanyalew-Hair-conditioner-2-scaled-416x624.jpg from 19 KB to 11 KB
[07-03-2023 05:50:51] Optimized file /wp-content/uploads/2023/02/Dr.Chanyalew-Hair-conditioner-2-scaled-100x100.jpg from 2 KB to 1 KB
[07-03-2023 05:50:54] Bulk optimization launched for file : D:\inetpub\wwwroot\Localuser\zckassa\WEB260\wordpress/wp-content/uploads/2023/02/Fav-Press-On-Nails-kit.jpg
[07-03-2023 05:50:54] Revert original image for : /wp-content/uploads/2023/02/Fav-Press-On-Nails-kit.jpg
[07-03-2023 05:50:56] Optimized file /wp-content/uploads/2023/02/Fav-Press-On-Nails-kit.jpg from 57 KB to 41 KB
[07-03-2023 05:50:56] Optimized file /wp-content/uploads/2023/02/Fav-Press-On-Nails-kit-200x300.jpg from 16 KB to 9 KB
[07-03-2023 05:50:57] Optimized file /wp-content/uploads/2023/02/Fav-Press-On-Nails-kit-150x150.jpg from 8 KB to 4 KB
[07-03-2023 05:50:58] Optimized file /wp-content/uploads/2023/02/Fav-Press-On-Nails-kit-324x324.jpg from 22 KB to 13 KB
[07-03-2023 05:50:59] Optimized file /wp-content/uploads/2023/02/Fav-Press-On-Nails-kit-416x624.jpg from 44 KB to 27 KB
[07-03-2023 05:51:00] Optimized file /wp-content/uploads/2023/02/Fav-Press-On-Nails-kit-100x100.jpg from 4 KB to 2 KB
[07-03-2023 05:51:02] Bulk optimization launched for file : D:\inetpub\wwwroot\Localuser\zckassa\WEB260\wordpress/wp-content/uploads/2023/02/Fav-Press-On-Nails.jpg
[07-03-2023 05:51:02] Revert original image for : /wp-content/uploads/2023/02/Fav-Press-On-Nails.jpg
[07-03-2023 05:51:03] Optimized file /wp-content/uploads/2023/02/Fav-Press-On-Nails.jpg from 28 KB to 20 KB
[07-03-2023 05:51:04] Optimized file /wp-content/uploads/2023/02/Fav-Press-On-Nails-188x300.jpg from 8 KB to 4 KB
[07-03-2023 05:51:04] Optimized file /wp-content/uploads/2023/02/Fav-Press-On-Nails-150x150.jpg from 4 KB to 2 KB
[07-03-2023 05:51:05] Optimized file /wp-content/uploads/2023/02/Fav-Press-On-Nails-324x324.jpg from 11 KB to 6 KB
[07-03-2023 05:51:05] Optimized file /wp-content/uploads/2023/02/Fav-Press-On-Nails-416x664.jpg from 23 KB to 13 KB
[07-03-2023 05:51:06] Optimized file /wp-content/uploads/2023/02/Fav-Press-On-Nails-100x100.jpg from 2 KB to 1 KB
[07-03-2023 05:51:09] Bulk optimization launched for file : D:\inetpub\wwwroot\Localuser\zckassa\WEB260\wordpress/wp-content/uploads/2023/02/Ro-Nail-Strengthener-scaled.jpg
[07-03-2023 05:51:09] Revert original image for : /wp-content/uploads/2023/02/Ro-Nail-Strengthener-scaled.jpg
[07-03-2023 05:51:17] Optimized file /wp-content/uploads/2023/02/Ro-Nail-Strengthener-scaled.jpg from 266 KB to 149 KB
[07-03-2023 05:51:18] Optimized file /wp-content/uploads/2023/02/Ro-Nail-Strengthener-scaled-300x200.jpg from 11 KB to 6 KB
[07-03-2023 05:51:18] Optimized file /wp-content/uploads/2023/02/Ro-Nail-Strengthener-scaled-1024x683.jpg from 66 KB to 39 KB
[07-03-2023 05:51:19] Optimized file /wp-content/uploads/2023/02/Ro-Nail-Strengthener-scaled-150x150.jpg from 5 KB to 3 KB
[07-03-2023 05:51:20] Optimized file /wp-content/uploads/2023/02/Ro-Nail-Strengthener-scaled-768x512.jpg from 42 KB to 25 KB
[07-03-2023 05:51:21] Optimized file /wp-content/uploads/2023/02/Ro-Nail-Strengthener-scaled-1536x1025.jpg from 121 KB to 70 KB
[07-03-2023 05:51:23] Optimized file /wp-content/uploads/2023/02/Ro-Nail-Strengthener-scaled-2048x1366.jpg from 186 KB to 106 KB
[07-03-2023 05:51:23] Optimized file /wp-content/uploads/2023/02/Ro-Nail-Strengthener-scaled-324x324.jpg from 15 KB to 9 KB
[07-03-2023 05:51:24] Optimized file /wp-content/uploads/2023/02/Ro-Nail-Strengthener-scaled-416x278.jpg from 17 KB to 10 KB
[07-03-2023 05:51:24] Optimized file /wp-content/uploads/2023/02/Ro-Nail-Strengthener-scaled-100x100.jpg from 3 KB to 1 KB
[07-03-2023 05:51:28] Bulk optimization launched for file : D:\inetpub\wwwroot\Localuser\zckassa\WEB260\wordpress/wp-content/uploads/2023/02/Ro-Nail-Strengthener-applied-1.jpg
[07-03-2023 05:51:28] Revert original image for : /wp-content/uploads/2023/02/Ro-Nail-Strengthener-applied-1.jpg
[07-03-2023 05:51:29] Optimized file /wp-content/uploads/2023/02/Ro-Nail-Strengthener-applied-1.jpg from 25 KB to 18 KB
[07-03-2023 05:51:30] Optimized file /wp-content/uploads/2023/02/Ro-Nail-Strengthener-applied-1-200x300.jpg from 7 KB to 4 KB
[07-03-2023 05:51:30] Optimized file /wp-content/uploads/2023/02/Ro-Nail-Strengthener-applied-1-150x150.jpg from 4 KB to 2 KB
[07-03-2023 05:51:31] Optimized file /wp-content/uploads/2023/02/Ro-Nail-Strengthener-applied-1-324x324.jpg from 11 KB to 7 KB
[07-03-2023 05:51:31] Optimized file /wp-content/uploads/2023/02/Ro-Nail-Strengthener-applied-1-416x624.jpg from 20 KB to 12 KB
[07-03-2023 05:51:32] Optimized file /wp-content/uploads/2023/02/Ro-Nail-Strengthener-applied-1-100x100.jpg from 2 KB to 1 KB
[07-03-2023 05:51:34] Bulk optimization launched for file : D:\inetpub\wwwroot\Localuser\zckassa\WEB260\wordpress/wp-content/uploads/2023/01/Zizi-Lip-Balm-girl.jpg
[07-03-2023 05:51:34] Revert original image for : /wp-content/uploads/2023/01/Zizi-Lip-Balm-girl.jpg
[07-03-2023 05:51:35] Optimized file /wp-content/uploads/2023/01/Zizi-Lip-Balm-girl.jpg from 9 KB to 7 KB
[07-03-2023 05:51:35] Optimized file /wp-content/uploads/2023/01/Zizi-Lip-Balm-girl-150x150.jpg from 4 KB to 2 KB
[07-03-2023 05:51:35] Optimized file /wp-content/uploads/2023/01/Zizi-Lip-Balm-girl-100x100.jpg from 3 KB to 1 KB
[07-03-2023 05:51:39] Bulk optimization launched for file : D:\inetpub\wwwroot\Localuser\zckassa\WEB260\wordpress/wp-content/uploads/2023/02/vneck-tee-2.jpg
[07-03-2023 05:51:39] Revert original image for : /wp-content/uploads/2023/02/vneck-tee-2.jpg
[07-03-2023 05:51:41] Optimized file /wp-content/uploads/2023/02/vneck-tee-2.jpg from 48 KB to 19 KB
[07-03-2023 05:51:41] Optimized file /wp-content/uploads/2023/02/vneck-tee-2-300x300.jpg from 7 KB to 4 KB
[07-03-2023 05:51:41] Optimized file /wp-content/uploads/2023/02/vneck-tee-2-150x150.jpg from 3 KB to 1 KB
[07-03-2023 05:51:42] Optimized file /wp-content/uploads/2023/02/vneck-tee-2-768x767.jpg from 29 KB to 16 KB
[07-03-2023 05:51:43] Optimized file /wp-content/uploads/2023/02/vneck-tee-2-324x324.jpg from 8 KB to 5 KB
[07-03-2023 05:51:43] Optimized file /wp-content/uploads/2023/02/vneck-tee-2-416x415.jpg from 12 KB to 7 KB
[07-03-2023 05:51:44] Optimized file /wp-content/uploads/2023/02/vneck-tee-2-100x100.jpg from 1 KB to 1 KB
[07-03-2023 05:51:47] Bulk optimization launched for file : D:\inetpub\wwwroot\Localuser\zckassa\WEB260\wordpress/wp-content/uploads/2023/02/vnech-tee-green-1.jpg
[07-03-2023 05:51:47] Revert original image for : /wp-content/uploads/2023/02/vnech-tee-green-1.jpg
[07-03-2023 05:51:49] Optimized file /wp-content/uploads/2023/02/vnech-tee-green-1.jpg from 99 KB to 18 KB
[07-03-2023 05:51:49] Optimized file /wp-content/uploads/2023/02/vnech-tee-green-1-300x300.jpg from 7 KB to 4 KB
[07-03-2023 05:51:50] Optimized file /wp-content/uploads/2023/02/vnech-tee-green-1-150x150.jpg from 2 KB to 1 KB
[07-03-2023 05:51:51] Optimized file /wp-content/uploads/2023/02/vnech-tee-green-1-768x768.jpg from 27 KB to 16 KB
[07-03-2023 05:51:51] Optimized file /wp-content/uploads/2023/02/vnech-tee-green-1-324x324.jpg from 8 KB to 4 KB
[07-03-2023 05:51:51] Optimized file /wp-content/uploads/2023/02/vnech-tee-green-1-416x416.jpg from 11 KB to 7 KB
[07-03-2023 05:51:52] Optimized file /wp-content/uploads/2023/02/vnech-tee-green-1-100x100.jpg from 1 KB to 946 B
[07-03-2023 05:51:55] Bulk optimization launched for file : D:\inetpub\wwwroot\Localuser\zckassa\WEB260\wordpress/wp-content/uploads/2023/02/vnech-tee-blue-1.jpg
[07-03-2023 05:51:55] Revert original image for : /wp-content/uploads/2023/02/vnech-tee-blue-1.jpg
[07-03-2023 05:51:57] Optimized file /wp-content/uploads/2023/02/vnech-tee-blue-1.jpg from 117 KB to 20 KB
[07-03-2023 05:51:58] Optimized file /wp-content/uploads/2023/02/vnech-tee-blue-1-300x300.jpg from 7 KB to 4 KB
[07-03-2023 05:51:59] Optimized file /wp-content/uploads/2023/02/vnech-tee-blue-1-150x150.jpg from 2 KB to 1 KB
[07-03-2023 05:51:59] Optimized file /wp-content/uploads/2023/02/vnech-tee-blue-1-768x768.jpg from 29 KB to 17 KB
[07-03-2023 05:52:00] Optimized file /wp-content/uploads/2023/02/vnech-tee-blue-1-324x324.jpg from 8 KB to 5 KB
[07-03-2023 05:52:00] Optimized file /wp-content/uploads/2023/02/vnech-tee-blue-1-416x416.jpg from 12 KB to 7 KB
[07-03-2023 05:52:01] Optimized file /wp-content/uploads/2023/02/vnech-tee-blue-1-100x100.jpg from 1 KB to 1001 B
[07-03-2023 05:52:03] Bulk optimization launched for file : D:\inetpub\wwwroot\Localuser\zckassa\WEB260\wordpress/wp-content/uploads/2023/02/hoodie-2.jpg
[07-03-2023 05:52:03] Revert original image for : /wp-content/uploads/2023/02/hoodie-2.jpg
[07-03-2023 05:52:04] Optimized file /wp-content/uploads/2023/02/hoodie-2.jpg from 44 KB to 19 KB
[07-03-2023 05:52:05] Optimized file /wp-content/uploads/2023/02/hoodie-2-300x300.jpg from 7 KB to 4 KB
[07-03-2023 05:52:05] Optimized file /wp-content/uploads/2023/02/hoodie-2-150x150.jpg from 3 KB to 1 KB
[07-03-2023 05:52:06] Optimized file /wp-content/uploads/2023/02/hoodie-2-768x768.jpg from 28 KB to 16 KB
[07-03-2023 05:52:07] Optimized file /wp-content/uploads/2023/02/hoodie-2-324x324.jpg from 8 KB to 5 KB
[07-03-2023 05:52:07] Optimized file /wp-content/uploads/2023/02/hoodie-2-416x416.jpg from 12 KB to 7 KB
[07-03-2023 05:52:08] Optimized file /wp-content/uploads/2023/02/hoodie-2-100x100.jpg from 1 KB to 1 KB
[07-03-2023 05:52:11] Bulk optimization launched for file : D:\inetpub\wwwroot\Localuser\zckassa\WEB260\wordpress/wp-content/uploads/2023/02/hoodie-blue-1.jpg
[07-03-2023 05:52:11] Revert original image for : /wp-content/uploads/2023/02/hoodie-blue-1.jpg
[07-03-2023 05:52:13] Optimized file /wp-content/uploads/2023/02/hoodie-blue-1.jpg from 98 KB to 19 KB
[07-03-2023 05:52:13] Optimized file /wp-content/uploads/2023/02/hoodie-blue-1-300x300.jpg from 7 KB to 4 KB
[07-03-2023 05:52:14] Optimized file /wp-content/uploads/2023/02/hoodie-blue-1-150x150.jpg from 2 KB to 1 KB
[07-03-2023 05:52:15] Optimized file /wp-content/uploads/2023/02/hoodie-blue-1-768x768.jpg from 28 KB to 16 KB
[07-03-2023 05:52:15] Optimized file /wp-content/uploads/2023/02/hoodie-blue-1-324x324.jpg from 8 KB to 5 KB
[07-03-2023 05:52:16] Optimized file /wp-content/uploads/2023/02/hoodie-blue-1-416x416.jpg from 12 KB to 7 KB
[07-03-2023 05:52:16] Optimized file /wp-content/uploads/2023/02/hoodie-blue-1-100x100.jpg from 1 KB to 944 B
[07-03-2023 05:52:19] Bulk optimization launched for file : D:\inetpub\wwwroot\Localuser\zckassa\WEB260\wordpress/wp-content/uploads/2023/02/hoodie-green-1.jpg
[07-03-2023 05:52:19] Revert original image for : /wp-content/uploads/2023/02/hoodie-green-1.jpg
[07-03-2023 05:52:20] Optimized file /wp-content/uploads/2023/02/hoodie-green-1.jpg from 96 KB to 18 KB
[07-03-2023 05:52:21] Optimized file /wp-content/uploads/2023/02/hoodie-green-1-300x300.jpg from 7 KB to 4 KB
[07-03-2023 05:52:21] Optimized file /wp-content/uploads/2023/02/hoodie-green-1-150x150.jpg from 2 KB to 1 KB
[07-03-2023 05:52:22] Optimized file /wp-content/uploads/2023/02/hoodie-green-1-768x768.jpg from 27 KB to 16 KB
[07-03-2023 05:52:22] Optimized file /wp-content/uploads/2023/02/hoodie-green-1-324x324.jpg from 8 KB to 5 KB
[07-03-2023 05:52:23] Optimized file /wp-content/uploads/2023/02/hoodie-green-1-416x416.jpg from 11 KB to 7 KB
[07-03-2023 05:52:23] Optimized file /wp-content/uploads/2023/02/hoodie-green-1-100x100.jpg from 1 KB to 980 B
[07-03-2023 05:52:26] Bulk optimization launched for file : D:\inetpub\wwwroot\Localuser\zckassa\WEB260\wordpress/wp-content/uploads/2023/02/hoodie-with-logo-2.jpg
[07-03-2023 05:52:26] Revert original image for : /wp-content/uploads/2023/02/hoodie-with-logo-2.jpg
[07-03-2023 05:52:28] Optimized file /wp-content/uploads/2023/02/hoodie-with-logo-2.jpg from 45 KB to 20 KB
[07-03-2023 05:52:28] Optimized file /wp-content/uploads/2023/02/hoodie-with-logo-2-300x300.jpg from 8 KB to 4 KB
[07-03-2023 05:52:29] Optimized file /wp-content/uploads/2023/02/hoodie-with-logo-2-150x150.jpg from 3 KB to 1 KB
[07-03-2023 05:52:29] Optimized file /wp-content/uploads/2023/02/hoodie-with-logo-2-768x768.jpg from 29 KB to 17 KB
[07-03-2023 05:52:30] Optimized file /wp-content/uploads/2023/02/hoodie-with-logo-2-324x324.jpg from 9 KB to 5 KB
[07-03-2023 05:52:30] Optimized file /wp-content/uploads/2023/02/hoodie-with-logo-2-416x416.jpg from 12 KB to 7 KB
[07-03-2023 05:52:31] Optimized file /wp-content/uploads/2023/02/hoodie-with-logo-2-100x100.jpg from 1 KB to 1 KB
[07-03-2023 05:52:33] Bulk optimization launched for file : D:\inetpub\wwwroot\Localuser\zckassa\WEB260\wordpress/wp-content/uploads/2023/02/tshirt-2.jpg
[07-03-2023 05:52:33] Revert original image for : /wp-content/uploads/2023/02/tshirt-2.jpg
[07-03-2023 05:52:35] Optimized file /wp-content/uploads/2023/02/tshirt-2.jpg from 40 KB to 17 KB
[07-03-2023 05:52:36] Optimized file /wp-content/uploads/2023/02/tshirt-2-300x300.jpg from 6 KB to 4 KB
[07-03-2023 05:52:36] Optimized file /wp-content/uploads/2023/02/tshirt-2-150x150.jpg from 2 KB to 1 KB
[07-03-2023 05:52:37] Optimized file /wp-content/uploads/2023/02/tshirt-2-768x768.jpg from 25 KB to 14 KB
[07-03-2023 05:52:37] Optimized file /wp-content/uploads/2023/02/tshirt-2-324x324.jpg from 7 KB to 4 KB
[07-03-2023 05:52:38] Optimized file /wp-content/uploads/2023/02/tshirt-2-416x416.jpg from 10 KB to 6 KB
[07-03-2023 05:52:38] Optimized file /wp-content/uploads/2023/02/tshirt-2-100x100.jpg from 1 KB to 933 B
[07-03-2023 05:52:42] Bulk optimization launched for file : D:\inetpub\wwwroot\Localuser\zckassa\WEB260\wordpress/wp-content/uploads/2023/02/beanie-2.jpg
[07-03-2023 05:52:42] Revert original image for : /wp-content/uploads/2023/02/beanie-2.jpg
[07-03-2023 05:52:43] Optimized file /wp-content/uploads/2023/02/beanie-2.jpg from 30 KB to 13 KB
[07-03-2023 05:52:45] Optimized file /wp-content/uploads/2023/02/beanie-2-300x300.jpg from 5 KB to 3 KB
[07-03-2023 05:52:46] Optimized file /wp-content/uploads/2023/02/beanie-2-150x150.jpg from 2 KB to 1 KB
[07-03-2023 05:52:46] Optimized file /wp-content/uploads/2023/02/beanie-2-768x768.jpg from 20 KB to 11 KB
[07-03-2023 05:52:47] Optimized file /wp-content/uploads/2023/02/beanie-2-324x324.jpg from 6 KB to 3 KB
[07-03-2023 05:52:47] Optimized file /wp-content/uploads/2023/02/beanie-2-416x416.jpg from 8 KB to 4 KB
[07-03-2023 05:52:48] Optimized file /wp-content/uploads/2023/02/beanie-2-100x100.jpg from 1 KB to 911 B
[07-03-2023 05:52:51] Bulk optimization launched for file : D:\inetpub\wwwroot\Localuser\zckassa\WEB260\wordpress/wp-content/uploads/2023/02/belt-2.jpg
[07-03-2023 05:52:51] Revert original image for : /wp-content/uploads/2023/02/belt-2.jpg
[07-03-2023 05:52:53] Optimized file /wp-content/uploads/2023/02/belt-2.jpg from 36 KB to 16 KB
[07-03-2023 05:52:54] Optimized file /wp-content/uploads/2023/02/belt-2-300x300.jpg from 6 KB to 3 KB
[07-03-2023 05:52:55] Optimized file /wp-content/uploads/2023/02/belt-2-150x150.jpg from 2 KB to 1 KB
[07-03-2023 05:52:55] Optimized file /wp-content/uploads/2023/02/belt-2-768x768.jpg from 25 KB to 14 KB
[07-03-2023 05:52:56] Optimized file /wp-content/uploads/2023/02/belt-2-324x324.jpg from 7 KB to 4 KB
[07-03-2023 05:52:56] Optimized file /wp-content/uploads/2023/02/belt-2-416x416.jpg from 10 KB to 6 KB
[07-03-2023 05:52:57] Optimized file /wp-content/uploads/2023/02/belt-2-100x100.jpg from 1 KB to 936 B
[07-03-2023 05:53:00] Bulk optimization launched for file : D:\inetpub\wwwroot\Localuser\zckassa\WEB260\wordpress/wp-content/uploads/2023/02/cap-2.jpg
[07-03-2023 05:53:00] Revert original image for : /wp-content/uploads/2023/02/cap-2.jpg
[07-03-2023 05:53:01] Optimized file /wp-content/uploads/2023/02/cap-2.jpg from 36 KB to 16 KB
[07-03-2023 05:53:01] Optimized file /wp-content/uploads/2023/02/cap-2-300x300.jpg from 6 KB to 3 KB
[07-03-2023 05:53:02] Optimized file /wp-content/uploads/2023/02/cap-2-150x150.jpg from 2 KB to 1 KB
[07-03-2023 05:53:02] Optimized file /wp-content/uploads/2023/02/cap-2-768x768.jpg from 25 KB to 14 KB
[07-03-2023 05:53:03] Optimized file /wp-content/uploads/2023/02/cap-2-324x324.jpg from 7 KB to 4 KB
[07-03-2023 05:53:03] Optimized file /wp-content/uploads/2023/02/cap-2-416x416.jpg from 10 KB to 6 KB
[07-03-2023 05:53:04] Optimized file /wp-content/uploads/2023/02/cap-2-100x100.jpg from 1 KB to 877 B
[07-03-2023 05:53:08] Bulk optimization launched for file : D:\inetpub\wwwroot\Localuser\zckassa\WEB260\wordpress/wp-content/uploads/2023/02/sunglasses-2.jpg
[07-03-2023 05:53:08] Revert original image for : /wp-content/uploads/2023/02/sunglasses-2.jpg
[07-03-2023 05:53:09] Optimized file /wp-content/uploads/2023/02/sunglasses-2.jpg from 24 KB to 12 KB
[07-03-2023 05:53:10] Optimized file /wp-content/uploads/2023/02/sunglasses-2-300x300.jpg from 5 KB to 3 KB
[07-03-2023 05:53:11] Optimized file /wp-content/uploads/2023/02/sunglasses-2-150x150.jpg from 2 KB to 1 KB
[07-03-2023 05:53:12] Optimized file /wp-content/uploads/2023/02/sunglasses-2-768x768.jpg from 20 KB to 11 KB
[07-03-2023 05:53:12] Optimized file /wp-content/uploads/2023/02/sunglasses-2-324x324.jpg from 5 KB to 3 KB
[07-03-2023 05:53:13] Optimized file /wp-content/uploads/2023/02/sunglasses-2-416x416.jpg from 8 KB to 4 KB
[07-03-2023 05:53:13] Optimized file /wp-content/uploads/2023/02/sunglasses-2-100x100.jpg from 1 KB to 804 B
[07-03-2023 05:53:15] Bulk optimization launched for file : D:\inetpub\wwwroot\Localuser\zckassa\WEB260\wordpress/wp-content/uploads/2023/02/hoodie-with-pocket-2.jpg
[07-03-2023 05:53:15] Revert original image for : /wp-content/uploads/2023/02/hoodie-with-pocket-2.jpg
[07-03-2023 05:53:17] Optimized file /wp-content/uploads/2023/02/hoodie-with-pocket-2.jpg from 42 KB to 19 KB
[07-03-2023 05:53:17] Optimized file /wp-content/uploads/2023/02/hoodie-with-pocket-2-300x300.jpg from 7 KB to 4 KB
[07-03-2023 05:53:18] Optimized file /wp-content/uploads/2023/02/hoodie-with-pocket-2-150x150.jpg from 2 KB to 1 KB
[07-03-2023 05:53:18] Optimized file /wp-content/uploads/2023/02/hoodie-with-pocket-2-768x768.jpg from 28 KB to 16 KB
[07-03-2023 05:53:19] Optimized file /wp-content/uploads/2023/02/hoodie-with-pocket-2-324x324.jpg from 8 KB to 5 KB
[07-03-2023 05:53:19] Optimized file /wp-content/uploads/2023/02/hoodie-with-pocket-2-416x416.jpg from 12 KB to 7 KB
[07-03-2023 05:53:20] Optimized file /wp-content/uploads/2023/02/hoodie-with-pocket-2-100x100.jpg from 1 KB to 1012 B
[07-03-2023 05:53:23] Bulk optimization launched for file : D:\inetpub\wwwroot\Localuser\zckassa\WEB260\wordpress/wp-content/uploads/2023/02/hoodie-with-zipper-2.jpg
[07-03-2023 05:53:23] Revert original image for : /wp-content/uploads/2023/02/hoodie-with-zipper-2.jpg
[07-03-2023 05:53:25] Optimized file /wp-content/uploads/2023/02/hoodie-with-zipper-2.jpg from 55 KB to 23 KB
[07-03-2023 05:53:26] Optimized file /wp-content/uploads/2023/02/hoodie-with-zipper-2-300x300.jpg from 9 KB to 5 KB
[07-03-2023 05:53:28] Optimized file /wp-content/uploads/2023/02/hoodie-with-zipper-2-150x150.jpg from 3 KB to 2 KB
[07-03-2023 05:53:28] Optimized file /wp-content/uploads/2023/02/hoodie-with-zipper-2-768x768.jpg from 33 KB to 19 KB
[07-03-2023 05:53:29] Optimized file /wp-content/uploads/2023/02/hoodie-with-zipper-2-324x324.jpg from 10 KB to 6 KB
[07-03-2023 05:53:29] Optimized file /wp-content/uploads/2023/02/hoodie-with-zipper-2-416x416.jpg from 14 KB to 8 KB
[07-03-2023 05:53:30] Optimized file /wp-content/uploads/2023/02/hoodie-with-zipper-2-100x100.jpg from 2 KB to 1 KB
[07-03-2023 05:53:32] Bulk optimization launched for file : D:\inetpub\wwwroot\Localuser\zckassa\WEB260\wordpress/wp-content/uploads/2023/02/long-sleeve-tee-2.jpg
[07-03-2023 05:53:32] Revert original image for : /wp-content/uploads/2023/02/long-sleeve-tee-2.jpg
[07-03-2023 05:53:34] Optimized file /wp-content/uploads/2023/02/long-sleeve-tee-2.jpg from 49 KB to 19 KB
[07-03-2023 05:53:34] Optimized file /wp-content/uploads/2023/02/long-sleeve-tee-2-300x300.jpg from 7 KB to 4 KB
[07-03-2023 05:53:35] Optimized file /wp-content/uploads/2023/02/long-sleeve-tee-2-150x150.jpg from 3 KB to 1 KB
[07-03-2023 05:53:35] Optimized file /wp-content/uploads/2023/02/long-sleeve-tee-2-768x768.jpg from 29 KB to 17 KB
[07-03-2023 05:53:36] Optimized file /wp-content/uploads/2023/02/long-sleeve-tee-2-324x324.jpg from 8 KB to 5 KB
[07-03-2023 05:53:36] Optimized file /wp-content/uploads/2023/02/long-sleeve-tee-2-416x416.jpg from 12 KB to 7 KB
[07-03-2023 05:53:37] Optimized file /wp-content/uploads/2023/02/long-sleeve-tee-2-100x100.jpg from 1 KB to 1 KB
[07-03-2023 05:53:40] Bulk optimization launched for file : D:\inetpub\wwwroot\Localuser\zckassa\WEB260\wordpress/wp-content/uploads/2023/02/polo-2.jpg
[07-03-2023 05:53:40] Revert original image for : /wp-content/uploads/2023/02/polo-2.jpg
[07-03-2023 05:53:42] Optimized file /wp-content/uploads/2023/02/polo-2.jpg from 43 KB to 17 KB
[07-03-2023 05:53:42] Optimized file /wp-content/uploads/2023/02/polo-2-300x300.jpg from 7 KB to 4 KB
[07-03-2023 05:53:43] Optimized file /wp-content/uploads/2023/02/polo-2-150x150.jpg from 2 KB to 1 KB
[07-03-2023 05:53:43] Optimized file /wp-content/uploads/2023/02/polo-2-768x767.jpg from 27 KB to 15 KB
[07-03-2023 05:53:44] Optimized file /wp-content/uploads/2023/02/polo-2-324x324.jpg from 8 KB to 4 KB
[07-03-2023 05:53:44] Optimized file /wp-content/uploads/2023/02/polo-2-416x415.jpg from 11 KB to 7 KB
[07-03-2023 05:53:45] Optimized file /wp-content/uploads/2023/02/polo-2-100x100.jpg from 1 KB to 976 B
[07-03-2023 05:53:49] Bulk optimization launched for file : D:\inetpub\wwwroot\Localuser\zckassa\WEB260\wordpress/wp-content/uploads/2023/02/album-1.jpg
[07-03-2023 05:53:49] Revert original image for : /wp-content/uploads/2023/02/album-1.jpg
[07-03-2023 05:53:51] Optimized file /wp-content/uploads/2023/02/album-1.jpg from 117 KB to 22 KB
[07-03-2023 05:53:52] Optimized file /wp-content/uploads/2023/02/album-1-300x300.jpg from 9 KB to 5 KB
[07-03-2023 05:53:52] Optimized file /wp-content/uploads/2023/02/album-1-150x150.jpg from 3 KB to 2 KB
[07-03-2023 05:53:53] Optimized file /wp-content/uploads/2023/02/album-1-768x768.jpg from 32 KB to 19 KB
[07-03-2023 05:53:54] Optimized file /wp-content/uploads/2023/02/album-1-324x324.jpg from 10 KB to 6 KB
[07-03-2023 05:53:54] Optimized file /wp-content/uploads/2023/02/album-1-416x416.jpg from 14 KB to 9 KB
[07-03-2023 05:53:55] Optimized file /wp-content/uploads/2023/02/album-1-100x100.jpg from 2 KB to 1 KB
[07-03-2023 05:53:58] Bulk optimization launched for file : D:\inetpub\wwwroot\Localuser\zckassa\WEB260\wordpress/wp-content/uploads/2023/02/single-1.jpg
[07-03-2023 05:53:58] Revert original image for : /wp-content/uploads/2023/02/single-1.jpg
[07-03-2023 05:54:02] Optimized file /wp-content/uploads/2023/02/single-1.jpg from 121 KB to 23 KB
[07-03-2023 05:54:02] Optimized file /wp-content/uploads/2023/02/single-1-300x300.jpg from 9 KB to 5 KB
[07-03-2023 05:54:03] Optimized file /wp-content/uploads/2023/02/single-1-150x150.jpg from 3 KB to 2 KB
[07-03-2023 05:54:03] Optimized file /wp-content/uploads/2023/02/single-1-768x768.jpg from 33 KB to 19 KB
[07-03-2023 05:54:04] Optimized file /wp-content/uploads/2023/02/single-1-324x324.jpg from 10 KB to 6 KB
[07-03-2023 05:54:04] Optimized file /wp-content/uploads/2023/02/single-1-416x416.jpg from 14 KB to 9 KB
[07-03-2023 05:54:05] Optimized file /wp-content/uploads/2023/02/single-1-100x100.jpg from 2 KB to 1 KB
[07-03-2023 05:54:07] Bulk optimization launched for file : D:\inetpub\wwwroot\Localuser\zckassa\WEB260\wordpress/wp-content/uploads/2023/02/t-shirt-with-logo-1.jpg
[07-03-2023 05:54:07] Revert original image for : /wp-content/uploads/2023/02/t-shirt-with-logo-1.jpg
[07-03-2023 05:54:09] Optimized file /wp-content/uploads/2023/02/t-shirt-with-logo-1.jpg from 66 KB to 20 KB
[07-03-2023 05:54:09] Optimized file /wp-content/uploads/2023/02/t-shirt-with-logo-1-300x300.jpg from 8 KB to 4 KB
[07-03-2023 05:54:10] Optimized file /wp-content/uploads/2023/02/t-shirt-with-logo-1-150x150.jpg from 3 KB to 1 KB
[07-03-2023 05:54:10] Optimized file /wp-content/uploads/2023/02/t-shirt-with-logo-1-768x768.jpg from 30 KB to 17 KB
[07-03-2023 05:54:11] Optimized file /wp-content/uploads/2023/02/t-shirt-with-logo-1-324x324.jpg from 8 KB to 5 KB
[07-03-2023 05:54:11] Optimized file /wp-content/uploads/2023/02/t-shirt-with-logo-1-416x416.jpg from 12 KB to 7 KB
[07-03-2023 05:54:12] Optimized file /wp-content/uploads/2023/02/t-shirt-with-logo-1-100x100.jpg from 1 KB to 1 KB
[07-03-2023 05:54:16] Bulk optimization launched for file : D:\inetpub\wwwroot\Localuser\zckassa\WEB260\wordpress/wp-content/uploads/2023/02/beanie-with-logo-1.jpg
[07-03-2023 05:54:16] Revert original image for : /wp-content/uploads/2023/02/beanie-with-logo-1.jpg
[07-03-2023 05:54:18] Optimized file /wp-content/uploads/2023/02/beanie-with-logo-1.jpg from 44 KB to 13 KB
[07-03-2023 05:54:19] Optimized file /wp-content/uploads/2023/02/beanie-with-logo-1-300x300.jpg from 5 KB to 3 KB
[07-03-2023 05:54:19] Optimized file /wp-content/uploads/2023/02/beanie-with-logo-1-150x150.jpg from 2 KB to 1 KB
[07-03-2023 05:54:20] Optimized file /wp-content/uploads/2023/02/beanie-with-logo-1-768x768.jpg from 21 KB to 11 KB
[07-03-2023 05:54:20] Optimized file /wp-content/uploads/2023/02/beanie-with-logo-1-324x324.jpg from 6 KB to 3 KB
[07-03-2023 05:54:21] Optimized file /wp-content/uploads/2023/02/beanie-with-logo-1-416x416.jpg from 8 KB to 5 KB
[07-03-2023 05:54:22] Optimized file /wp-content/uploads/2023/02/beanie-with-logo-1-100x100.jpg from 1 KB to 905 B
[12-03-2023 19:29:49] Optimized file /wp-content/uploads/2023/01/cropped-TANKWAlogo-removebg-preview-1.png from 15 KB to 6 KB
[12-03-2023 19:29:49] Optimized file /wp-content/uploads/2023/01/cropped-TANKWAlogo-removebg-preview-1-300x100.png from 12 KB to 4 KB
[12-03-2023 19:29:50] Optimized file /wp-content/uploads/2023/01/cropped-TANKWAlogo-removebg-preview-1-150x150.png from 9 KB to 3 KB
[12-03-2023 19:29:51] Optimized file /wp-content/uploads/2023/01/cropped-TANKWAlogo-removebg-preview-1-300x166.png from 12 KB to 5 KB
[12-03-2023 19:29:51] Optimized file /wp-content/uploads/2023/01/cropped-TANKWAlogo-removebg-preview-1-100x100.png from 5 KB to 2 KB
[12-03-2023 19:30:49] Error! Incorrect file provided.Array
(
    [basename] => 
    [filename] => 
)

[12-03-2023 19:37:01] Error! Incorrect file provided.Array
(
    [basename] => 
    [filename] => 
)

[12-03-2023 19:37:02] Error! Incorrect file provided.Array
(
    [basename] => 
    [filename] => 
)

[12-03-2023 19:37:02] Error! Incorrect file provided.Array
(
    [basename] => 
    [filename] => 
)

[12-03-2023 19:37:02] Error! Incorrect file provided.Array
(
    [basename] => 
    [filename] => 
)

[12-03-2023 19:37:02] Error! Incorrect file provided.Array
(
    [basename] => 
    [filename] => 
)

[12-03-2023 19:37:03] Error! Incorrect file provided.Array
(
    [basename] => 
    [filename] => 
)

[12-03-2023 19:37:03] Error! Incorrect file provided.Array
(
    [basename] => 
    [filename] => 
)

[12-03-2023 19:37:03] Error! Incorrect file provided.Array
(
    [basename] => 
    [filename] => 
)

[12-03-2023 19:37:03] Error! Incorrect file provided.Array
(
    [basename] => 
    [filename] => 
)

[12-03-2023 19:37:04] Error! Incorrect file provided.Array
(
    [basename] => 
    [filename] => 
)

[12-03-2023 19:37:04] Error! Incorrect file provided.Array
(
    [basename] => 
    [filename] => 
)

[12-03-2023 19:37:04] Error! Incorrect file provided.Array
(
    [basename] => 
    [filename] => 
)

[12-03-2023 19:37:04] Error! Incorrect file provided.Array
(
    [basename] => 
    [filename] => 
)

[12-03-2023 19:37:04] Error! Incorrect file provided.Array
(
    [basename] => 
    [filename] => 
)

[12-03-2023 19:37:05] Error! Incorrect file provided.Array
(
    [basename] => 
    [filename] => 
)

[12-03-2023 19:37:05] Error! Incorrect file provided.Array
(
    [basename] => 
    [filename] => 
)

[12-03-2023 19:37:05] Error! Incorrect file provided.Array
(
    [basename] => 
    [filename] => 
)

[28-03-2023 02:51:15] Error! Incorrect file provided.Array
(
    [basename] => 
    [filename] => 
)

[29-03-2023 22:32:28] Optimized file /wp-content/uploads/2023/03/amir-seilsepour-zCKYGTSOU-s-unsplash.jpg from 64 KB to 43 KB
[29-03-2023 22:32:28] Optimized file /wp-content/uploads/2023/03/amir-seilsepour-zCKYGTSOU-s-unsplash-240x300.jpg from 13 KB to 6 KB
[29-03-2023 22:32:29] Optimized file /wp-content/uploads/2023/03/amir-seilsepour-zCKYGTSOU-s-unsplash-150x150.jpg from 5 KB to 2 KB
[29-03-2023 22:32:30] Optimized file /wp-content/uploads/2023/03/amir-seilsepour-zCKYGTSOU-s-unsplash-300x300.jpg from 17 KB to 8 KB
[29-03-2023 22:32:30] Optimized file /wp-content/uploads/2023/03/amir-seilsepour-zCKYGTSOU-s-unsplash-100x100.jpg from 2 KB to 1 KB
[29-03-2023 23:51:17] Optimized file /wp-content/uploads/2023/03/amir-seilsepour-zCKYGTSOU-s-unsplash-1.jpg from 64 KB to 43 KB
[29-03-2023 23:51:19] Optimized file /wp-content/uploads/2023/03/amir-seilsepour-zCKYGTSOU-s-unsplash-1-240x300.jpg from 13 KB to 6 KB
[29-03-2023 23:51:20] Optimized file /wp-content/uploads/2023/03/amir-seilsepour-zCKYGTSOU-s-unsplash-1-150x150.jpg from 5 KB to 2 KB
[29-03-2023 23:51:20] Optimized file /wp-content/uploads/2023/03/amir-seilsepour-zCKYGTSOU-s-unsplash-1-300x300.jpg from 17 KB to 8 KB
[29-03-2023 23:51:21] Optimized file /wp-content/uploads/2023/03/amir-seilsepour-zCKYGTSOU-s-unsplash-1-100x100.jpg from 2 KB to 1 KB
[29-03-2023 23:51:40] Optimized file /wp-content/uploads/2023/03/TANKWA-eye-shadow-makeup-palate-on-scaled.jpg from 1 MB to 597 KB
[29-03-2023 23:51:40] Optimized file /wp-content/uploads/2023/03/TANKWA-eye-shadow-makeup-palate-on-300x251.jpg from 13 KB to 6 KB
[29-03-2023 23:51:41] Optimized file /wp-content/uploads/2023/03/TANKWA-eye-shadow-makeup-palate-on-1024x858.jpg from 190 KB to 83 KB
[29-03-2023 23:51:42] Optimized file /wp-content/uploads/2023/03/TANKWA-eye-shadow-makeup-palate-on-150x150.jpg from 4 KB to 2 KB
[29-03-2023 23:51:43] Optimized file /wp-content/uploads/2023/03/TANKWA-eye-shadow-makeup-palate-on-768x643.jpg from 100 KB to 43 KB
[29-03-2023 23:51:45] Optimized file /wp-content/uploads/2023/03/TANKWA-eye-shadow-makeup-palate-on-1536x1287.jpg from 433 KB to 210 KB
[29-03-2023 23:51:48] Optimized file /wp-content/uploads/2023/03/TANKWA-eye-shadow-makeup-palate-on-2048x1716.jpg from 736 KB to 390 KB
[29-03-2023 23:51:49] Optimized file /wp-content/uploads/2023/03/TANKWA-eye-shadow-makeup-palate-on-300x300.jpg from 16 KB to 7 KB
[29-03-2023 23:51:50] Optimized file /wp-content/uploads/2023/03/TANKWA-eye-shadow-makeup-palate-on-600x503.jpg from 56 KB to 25 KB
[29-03-2023 23:51:50] Optimized file /wp-content/uploads/2023/03/TANKWA-eye-shadow-makeup-palate-on-100x100.jpg from 2 KB to 1 KB
[04-04-2023 02:46:02] Optimized file /wp-content/uploads/2023/04/abhijeet-gourav-6hXOKaeYw-o-unsplash-1.jpg from 6 KB to 3 KB
[04-04-2023 02:46:03] Optimized file /wp-content/uploads/2023/04/abhijeet-gourav-6hXOKaeYw-o-unsplash-1-150x150.jpg from 3 KB to 2 KB
[04-04-2023 02:46:03] Optimized file /wp-content/uploads/2023/04/abhijeet-gourav-6hXOKaeYw-o-unsplash-1-100x100.jpg from 2 KB to 1 KB
[04-04-2023 02:47:43] Optimized file /wp-content/uploads/2023/04/abhijeet-gourav-6hXOKaeYw-o-unsplash-1-1.jpg from 2 KB to 1 KB
[04-04-2023 02:47:43] Optimized file /wp-content/uploads/2023/04/abhijeet-gourav-6hXOKaeYw-o-unsplash-1-1-100x100.jpg from 2 KB to 1 KB
[12-04-2023 05:01:32] Error! Incorrect file provided.Array
(
    [basename] => 
    [filename] => 
)

[13-04-2023 23:55:26] Optimized file /wp-content/uploads/2023/04/content-pixie-WdJ4WnLxyDs-unsplash.jpg from 4 KB to 2 KB
[13-04-2023 23:55:27] Optimized file /wp-content/uploads/2023/04/content-pixie-WdJ4WnLxyDs-unsplash-150x150.jpg from 2 KB to 1 KB
[13-04-2023 23:55:27] Optimized file /wp-content/uploads/2023/04/content-pixie-WdJ4WnLxyDs-unsplash-100x100.jpg from 1 KB to 935 B
[14-04-2023 00:39:26] Optimized file /wp-content/uploads/2023/04/Toner.jpg from 5 KB to 3 KB
[14-04-2023 00:39:29] Optimized file /wp-content/uploads/2023/04/Toner-205x300.jpg from 3 KB to 1 KB
[14-04-2023 00:39:29] Optimized file /wp-content/uploads/2023/04/Toner-150x150.jpg from 2 KB to 1 KB
[14-04-2023 00:39:30] Optimized file /wp-content/uploads/2023/04/Toner-300x300.jpg from 4 KB to 2 KB
[14-04-2023 00:39:30] Optimized file /wp-content/uploads/2023/04/Toner-100x100.jpg from 1 KB to 764 B
[14-04-2023 01:07:21] Optimized file /wp-content/uploads/2023/04/Girl-applying-toner.jpg from 23 KB to 16 KB
[14-04-2023 01:07:22] Optimized file /wp-content/uploads/2023/04/Girl-applying-toner-200x300.jpg from 12 KB to 7 KB
[14-04-2023 01:07:22] Optimized file /wp-content/uploads/2023/04/Girl-applying-toner-150x150.jpg from 6 KB to 3 KB
[14-04-2023 01:07:23] Optimized file /wp-content/uploads/2023/04/Girl-applying-toner-300x300.jpg from 17 KB to 10 KB
[14-04-2023 01:07:23] Optimized file /wp-content/uploads/2023/04/Girl-applying-toner-100x100.jpg from 3 KB to 2 KB
[14-04-2023 01:46:17] Optimized file /wp-content/uploads/2023/04/hyaluronicAcidSerum.jpg from 8 KB to 5 KB
[14-04-2023 01:46:18] Optimized file /wp-content/uploads/2023/04/hyaluronicAcidSerum-200x300.jpg from 5 KB to 2 KB
[14-04-2023 01:46:18] Optimized file /wp-content/uploads/2023/04/hyaluronicAcidSerum-150x150.jpg from 3 KB to 1 KB
[14-04-2023 01:46:19] Optimized file /wp-content/uploads/2023/04/hyaluronicAcidSerum-300x300.jpg from 8 KB to 4 KB
[14-04-2023 01:46:19] Optimized file /wp-content/uploads/2023/04/hyaluronicAcidSerum-100x100.jpg from 2 KB to 1 KB
[14-04-2023 02:03:10] Optimized file /wp-content/uploads/2023/04/vitamin-C.jpg from 6 KB to 4 KB
[14-04-2023 02:03:11] Optimized file /wp-content/uploads/2023/04/vitamin-C-150x150.jpg from 4 KB to 2 KB
[14-04-2023 02:03:11] Optimized file /wp-content/uploads/2023/04/vitamin-C-100x100.jpg from 2 KB to 1 KB
[14-04-2023 02:06:02] Optimized file /wp-content/uploads/2023/04/vitamin-C-1.jpg from 12 KB to 8 KB
[14-04-2023 02:06:03] Optimized file /wp-content/uploads/2023/04/vitamin-C-1-300x200.jpg from 6 KB to 4 KB
[14-04-2023 02:06:03] Optimized file /wp-content/uploads/2023/04/vitamin-C-1-150x150.jpg from 4 KB to 2 KB
[14-04-2023 02:06:04] Optimized file /wp-content/uploads/2023/04/vitamin-C-1-300x300.jpg from 9 KB to 5 KB
[14-04-2023 02:06:05] Optimized file /wp-content/uploads/2023/04/vitamin-C-1-100x100.jpg from 2 KB to 1 KB
[17-04-2023 13:33:23] Optimized file /wp-content/uploads/2023/01/cropped-TANKWAlogo-removebg-preview-2.png from 15 KB to 6 KB
[17-04-2023 13:33:24] Optimized file /wp-content/uploads/2023/01/cropped-TANKWAlogo-removebg-preview-2-300x100.png from 12 KB to 4 KB
[17-04-2023 13:33:25] Optimized file /wp-content/uploads/2023/01/cropped-TANKWAlogo-removebg-preview-2-150x150.png from 8 KB to 3 KB
[17-04-2023 13:33:26] Optimized file /wp-content/uploads/2023/01/cropped-TANKWAlogo-removebg-preview-2-300x167.png from 12 KB to 5 KB
[17-04-2023 13:33:29] Optimized file /wp-content/uploads/2023/01/cropped-TANKWAlogo-removebg-preview-2-100x100.png from 5 KB to 2 KB
[17-04-2023 13:34:37] Optimized file /wp-content/uploads/2023/01/cropped-TANKWAlogo-removebg-preview-3.png from 15 KB to 6 KB
[17-04-2023 13:34:37] Optimized file /wp-content/uploads/2023/01/cropped-TANKWAlogo-removebg-preview-3-300x107.png from 18 KB to 6 KB
[17-04-2023 13:34:38] Optimized file /wp-content/uploads/2023/01/cropped-TANKWAlogo-removebg-preview-3-150x139.png from 5 KB to 3 KB
[17-04-2023 13:34:39] Optimized file /wp-content/uploads/2023/01/cropped-TANKWAlogo-removebg-preview-3-300x139.png from 12 KB to 5 KB
[17-04-2023 13:34:39] Optimized file /wp-content/uploads/2023/01/cropped-TANKWAlogo-removebg-preview-3-100x100.png from 5 KB to 2 KB
[17-04-2023 13:35:01] Error! Incorrect file provided.Array
(
    [basename] => 
    [filename] => 
)

[17-04-2023 14:09:59] Error! Incorrect file provided.Array
(
    [basename] => 
    [filename] => 
)

[17-04-2023 14:11:03] Error! Incorrect file provided.Array
(
    [basename] => 
    [filename] => 
)

[17-04-2023 14:11:47] Error! Incorrect file provided.Array
(
    [basename] => 
    [filename] => 
)

[17-04-2023 14:12:44] Error! Incorrect file provided.Array
(
    [basename] => 
    [filename] => 
)

[17-04-2023 14:13:15] Error! Incorrect file provided.Array
(
    [basename] => 
    [filename] => 
)

[17-04-2023 14:14:36] Error! Incorrect file provided.Array
(
    [basename] => 
    [filename] => 
)

[17-04-2023 14:16:47] Error! Incorrect file provided.Array
(
    [basename] => 
    [filename] => 
)

[17-04-2023 14:17:45] Error! Incorrect file provided.Array
(
    [basename] => 
    [filename] => 
)

[17-04-2023 14:18:57] Error! Incorrect file provided.Array
(
    [basename] => 
    [filename] => 
)

[17-04-2023 14:19:15] Error! Incorrect file provided.Array
(
    [basename] => 
    [filename] => 
)

[17-04-2023 14:19:33] Error! Incorrect file provided.Array
(
    [basename] => 
    [filename] => 
)

[17-04-2023 14:20:27] Error! Incorrect file provided.Array
(
    [basename] => 
    [filename] => 
)

[17-04-2023 14:20:48] Error! Incorrect file provided.Array
(
    [basename] => 
    [filename] => 
)

[17-04-2023 14:21:15] Error! Incorrect file provided.Array
(
    [basename] => 
    [filename] => 
)

[17-04-2023 14:24:22] Error! Incorrect file provided.Array
(
    [basename] => 
    [filename] => 
)

[17-04-2023 14:25:28] Error! Incorrect file provided.Array
(
    [basename] => 
    [filename] => 
)

[17-04-2023 17:18:31] Error! Incorrect file provided.Array
(
    [basename] => 
    [filename] => 
)

[17-04-2023 17:21:59] Error! Incorrect file provided.Array
(
    [basename] => 
    [filename] => 
)

[17-04-2023 17:23:44] Error! Incorrect file provided.Array
(
    [basename] => 
    [filename] => 
)

[17-04-2023 17:26:24] Error! Incorrect file provided.Array
(
    [basename] => 
    [filename] => 
)

[17-04-2023 17:37:25] Error! Incorrect file provided.Array
(
    [basename] => 
    [filename] => 
)

[17-04-2023 17:38:52] Error! Incorrect file provided.Array
(
    [basename] => 
    [filename] => 
)

[17-04-2023 17:51:50] Error! Incorrect file provided.Array
(
    [basename] => 
    [filename] => 
)

[17-04-2023 17:54:09] Error! Incorrect file provided.Array
(
    [basename] => 
    [filename] => 
)

[17-04-2023 18:16:14] Error! Incorrect file provided.Array
(
    [basename] => 
    [filename] => 
)

[17-04-2023 18:23:16] Error! Incorrect file provided.Array
(
    [basename] => 
    [filename] => 
)

[17-04-2023 18:23:25] Error! Incorrect file provided.Array
(
    [basename] => 
    [filename] => 
)

[17-04-2023 22:12:33] Error! Incorrect file provided.Array
(
    [basename] => 
    [filename] => 
)

[17-04-2023 22:13:29] Error! Incorrect file provided.Array
(
    [basename] => 
    [filename] => 
)

[19-04-2023 02:56:39] Error! Incorrect file provided.Array
(
    [basename] => 
    [filename] => 
)

[19-04-2023 02:58:22] Error! Incorrect file provided.Array
(
    [basename] => 
    [filename] => 
)

[19-04-2023 03:37:10] Error! Incorrect file provided.Array
(
    [basename] => 
    [filename] => 
)

[19-04-2023 03:41:13] Error! Incorrect file provided.Array
(
    [basename] => 
    [filename] => 
)

[19-04-2023 03:55:34] Error! Incorrect file provided.Array
(
    [basename] => 
    [filename] => 
)

[19-04-2023 03:55:51] Error! Incorrect file provided.Array
(
    [basename] => 
    [filename] => 
)

[19-04-2023 03:56:51] Error! Incorrect file provided.Array
(
    [basename] => 
    [filename] => 
)

[19-04-2023 04:07:33] Error! Incorrect file provided.Array
(
    [basename] => 
    [filename] => 
)

[19-04-2023 04:09:55] Error! Incorrect file provided.Array
(
    [basename] => 
    [filename] => 
)

[19-04-2023 04:11:21] Error! Incorrect file provided.Array
(
    [basename] => 
    [filename] => 
)

[19-04-2023 18:58:37] Error! Incorrect file provided.Array
(
    [basename] => 
    [filename] => 
)

[19-04-2023 19:11:17] Error! Incorrect file provided.Array
(
    [basename] => 
    [filename] => 
)

[19-04-2023 19:12:52] Error! Incorrect file provided.Array
(
    [basename] => 
    [filename] => 
)

[19-04-2023 19:13:46] Error! Incorrect file provided.Array
(
    [basename] => 
    [filename] => 
)

[19-04-2023 19:14:49] Error! Incorrect file provided.Array
(
    [basename] => 
    [filename] => 
)

[19-04-2023 19:15:31] Error! Incorrect file provided.Array
(
    [basename] => 
    [filename] => 
)

[19-04-2023 19:16:20] Error! Incorrect file provided.Array
(
    [basename] => 
    [filename] => 
)

[19-04-2023 19:18:12] Error! Incorrect file provided.Array
(
    [basename] => 
    [filename] => 
)

[19-04-2023 19:23:08] Error! Incorrect file provided.Array
(
    [basename] => 
    [filename] => 
)

[19-04-2023 19:23:51] Error! Incorrect file provided.Array
(
    [basename] => 
    [filename] => 
)

[19-04-2023 19:26:50] Error! Incorrect file provided.Array
(
    [basename] => 
    [filename] => 
)

[19-04-2023 21:55:08] Error! Incorrect file provided.Array
(
    [basename] => 
    [filename] => 
)

[19-04-2023 21:57:42] Error! Incorrect file provided.Array
(
    [basename] => 
    [filename] => 
)

[19-04-2023 22:46:54] Error! Incorrect file provided.Array
(
    [basename] => 
    [filename] => 
)

[19-04-2023 22:47:57] Error! Incorrect file provided.Array
(
    [basename] => 
    [filename] => 
)

[19-04-2023 22:49:39] Error! Incorrect file provided.Array
(
    [basename] => 
    [filename] => 
)

[19-04-2023 22:50:22] Error! Incorrect file provided.Array
(
    [basename] => 
    [filename] => 
)

[19-04-2023 22:51:18] Error! Incorrect file provided.Array
(
    [basename] => 
    [filename] => 
)

[19-04-2023 22:58:58] Error! Incorrect file provided.Array
(
    [basename] => 
    [filename] => 
)

[19-04-2023 22:59:48] Error! Incorrect file provided.Array
(
    [basename] => 
    [filename] => 
)

[19-04-2023 23:03:41] Error! Incorrect file provided.Array
(
    [basename] => 
    [filename] => 
)

[19-04-2023 23:06:37] Error! Incorrect file provided.Array
(
    [basename] => 
    [filename] => 
)

[19-04-2023 23:08:08] Error! Incorrect file provided.Array
(
    [basename] => 
    [filename] => 
)

[19-04-2023 23:11:33] Error! Incorrect file provided.Array
(
    [basename] => 
    [filename] => 
)

[19-04-2023 23:11:55] Error! Incorrect file provided.Array
(
    [basename] => 
    [filename] => 
)

[19-04-2023 23:16:06] Error! Incorrect file provided.Array
(
    [basename] => 
    [filename] => 
)

[20-04-2023 00:12:53] Error! Incorrect file provided.Array
(
    [basename] => 
    [filename] => 
)

[20-04-2023 00:22:53] Error! Incorrect file provided.Array
(
    [basename] => 
    [filename] => 
)

[20-04-2023 00:31:48] Error! Incorrect file provided.Array
(
    [basename] => 
    [filename] => 
)

[20-04-2023 02:07:18] Error! Incorrect file provided.Array
(
    [basename] => 
    [filename] => 
)

[20-04-2023 02:20:56] Error! Incorrect file provided.Array
(
    [basename] => 
    [filename] => 
)

[20-04-2023 02:22:21] Error! Incorrect file provided.Array
(
    [basename] => 
    [filename] => 
)

[20-04-2023 02:23:35] Error! Incorrect file provided.Array
(
    [basename] => 
    [filename] => 
)

[20-04-2023 02:28:47] Error! Incorrect file provided.Array
(
    [basename] => 
    [filename] => 
)

[20-04-2023 02:35:01] Error! Incorrect file provided.Array
(
    [basename] => 
    [filename] => 
)

[20-04-2023 02:41:15] Error! Incorrect file provided.Array
(
    [basename] => 
    [filename] => 
)

[20-04-2023 02:41:28] Error! Incorrect file provided.Array
(
    [basename] => 
    [filename] => 
)

[20-04-2023 02:53:00] Error! Incorrect file provided.Array
(
    [basename] => 
    [filename] => 
)

[20-04-2023 02:54:07] Error! Incorrect file provided.Array
(
    [basename] => 
    [filename] => 
)

[20-04-2023 02:55:27] Error! Incorrect file provided.Array
(
    [basename] => 
    [filename] => 
)

[20-04-2023 02:58:02] Error! Incorrect file provided.Array
(
    [basename] => 
    [filename] => 
)

[20-04-2023 02:58:15] Error! Incorrect file provided.Array
(
    [basename] => 
    [filename] => 
)

[20-04-2023 03:02:40] Error! Incorrect file provided.Array
(
    [basename] => 
    [filename] => 
)

[20-04-2023 03:03:03] Error! Incorrect file provided.Array
(
    [basename] => 
    [filename] => 
)

[20-04-2023 03:03:25] Error! Incorrect file provided.Array
(
    [basename] => 
    [filename] => 
)

[20-04-2023 03:07:04] Error! Incorrect file provided.Array
(
    [basename] => 
    [filename] => 
)

[20-04-2023 03:09:25] Error! Incorrect file provided.Array
(
    [basename] => 
    [filename] => 
)

[20-04-2023 03:10:24] Error! Incorrect file provided.Array
(
    [basename] => 
    [filename] => 
)

[20-04-2023 03:11:02] Error! Incorrect file provided.Array
(
    [basename] => 
    [filename] => 
)

[20-04-2023 03:24:05] Error! Incorrect file provided.Array
(
    [basename] => 
    [filename] => 
)

[20-04-2023 03:24:35] Error! Incorrect file provided.Array
(
    [basename] => 
    [filename] => 
)

[20-04-2023 03:26:08] Error! Incorrect file provided.Array
(
    [basename] => 
    [filename] => 
)

[20-04-2023 03:27:46] Error! Incorrect file provided.Array
(
    [basename] => 
    [filename] => 
)

[22-04-2023 10:17:36] Error! Incorrect file provided.Array
(
    [basename] => 
    [filename] => 
)

[22-04-2023 10:19:42] Error! Incorrect file provided.Array
(
    [basename] => 
    [filename] => 
)

[22-04-2023 10:20:57] Error! Incorrect file provided.Array
(
    [basename] => 
    [filename] => 
)

[22-04-2023 10:33:53] Error! Incorrect file provided.Array
(
    [basename] => 
    [filename] => 
)

[22-04-2023 10:38:08] Error! Incorrect file provided.Array
(
    [basename] => 
    [filename] => 
)

[22-04-2023 10:42:53] Error! Incorrect file provided.Array
(
    [basename] => 
    [filename] => 
)

[22-04-2023 10:50:39] Error! Incorrect file provided.Array
(
    [basename] => 
    [filename] => 
)

[22-04-2023 10:51:23] Error! Incorrect file provided.Array
(
    [basename] => 
    [filename] => 
)

[22-04-2023 10:56:25] Error! Incorrect file provided.Array
(
    [basename] => 
    [filename] => 
)

[22-04-2023 11:19:37] Error! Incorrect file provided.Array
(
    [basename] => 
    [filename] => 
)

[22-04-2023 12:14:19] Optimized file /wp-content/uploads/2023/04/TANKWAlogoPink-removebg-preview.png from 18 KB to 6 KB
[22-04-2023 12:18:35] Delete original image for : D:\inetpub\wwwroot\Localuser\zckassa\WEB260\wordpress/wp-content/uploads/2023/04/TANKWAlogoPink-removebg-preview.png
[22-04-2023 12:18:49] Delete original image for : D:\inetpub\wwwroot\Localuser\zckassa\WEB260\wordpress/wp-content/uploads/2023/01/cropped-TANKWAlogo-removebg-preview-3.png
[22-04-2023 12:19:14] Delete original image for : D:\inetpub\wwwroot\Localuser\zckassa\WEB260\wordpress/wp-content/uploads/2023/01/cropped-TANKWAlogo-removebg-preview-2.png
[22-04-2023 12:19:32] Delete original image for : D:\inetpub\wwwroot\Localuser\zckassa\WEB260\wordpress/wp-content/uploads/2023/04/vitamin-C-1.jpg
[22-04-2023 12:19:52] Delete original image for : D:\inetpub\wwwroot\Localuser\zckassa\WEB260\wordpress/wp-content/uploads/2023/04/abhijeet-gourav-6hXOKaeYw-o-unsplash-1.jpg
[22-04-2023 12:20:11] Delete original image for : D:\inetpub\wwwroot\Localuser\zckassa\WEB260\wordpress/wp-content/uploads/2023/03/amir-seilsepour-zCKYGTSOU-s-unsplash.jpg
[22-04-2023 12:20:29] Delete original image for : D:\inetpub\wwwroot\Localuser\zckassa\WEB260\wordpress/wp-content/uploads/2023/01/cropped-TANKWAlogo-removebg-preview-1.png
[22-04-2023 12:22:10] Delete original image for : D:\inetpub\wwwroot\Localuser\zckassa\WEB260\wordpress/wp-content/uploads/2023/02/tshirt-2.jpg
[22-04-2023 12:22:10] Delete original image for : D:\inetpub\wwwroot\Localuser\zckassa\WEB260\wordpress/wp-content/uploads/2023/02/hoodie-with-logo-2.jpg
[22-04-2023 12:22:11] Delete original image for : D:\inetpub\wwwroot\Localuser\zckassa\WEB260\wordpress/wp-content/uploads/2023/02/sunglasses-2.jpg
[22-04-2023 12:22:11] Delete original image for : D:\inetpub\wwwroot\Localuser\zckassa\WEB260\wordpress/wp-content/uploads/2023/04/Toner.jpg
h-pocket-2.jpg
[22-04-2023 12:22:14] Delete original image for : D:\inetpub\wwwroot\Localuser\zckassa\WEB260\wordpress/wp-content/uploads/2023/01/TANKWAlogo-removebg-preview.png
[22-04-2023 12:22:16] Delete original image for : D:\inetpub\wwwroot\Localuser\zckassa\WEB260\wordpress/wp-content/uploads/2023/02/belt-2.jpg
[22-04-2023 12:22:16] Delete original image for : D:\inetpub\wwwroot\Localuser\zckassa\WEB260\wordpress/wp-content/uploads/2023/02/beanie-2.jpg
[22-04-2023 12:22:23] Delete original image for : D:\inetpub\wwwroot\Localuser\zckassa\WEB260\wordpress/wp-content/uploads/2023/02/cap-2.jpg
[22-04-2023 12:22:23] Delete original image for : D:\inetpub\wwwroot\Localuser\zckassa\WEB260\wordpress/wp-content/uploads/2023/02/TANKWA-Kinky-Curl-Defining-Hair-Cream-on-hand--scaled.jpg
[22-04-2023 12:22:23] Delete original image for : D:\inetpub\wwwroot\Localuser\zckassa\WEB260\wordpress/wp-content/uploads/2023/02/polo-2.jpg
[22-04-2023 12:22:23] Delete original image for : D:\inetpub\wwwroot\Localuser\zckassa\WEB260\wordpress/wp-content/uploads/2023/01/pexels-marcelo-moreira-1926620.jpg
[22-04-2023 12:22:23] Delete original image for : D:\inetpub\wwwroot\Localuser\zckassa\WEB260\wordpress/wp-content/uploads/2023/01/cropped-TANKWAlogo-removebg-preview.png
[22-04-2023 12:22:23] Delete original image for : D:\inetpub\wwwroot\Localuser\zckassa\WEB260\wordpress/wp-content/uploads/2023/02/vnech-tee-green-1.jpg
[22-04-2023 12:22:29] Delete original image for : D:\inetpub\wwwroot\Localuser\zckassa\WEB260\wordpress/wp-content/uploads/2023/02/vneck-tee-2.jpg
[22-04-2023 12:22:30] Delete original image for : D:\inetpub\wwwroot\Localuser\zckassa\WEB260\wordpress/wp-content/uploads/2023/01/TANKWA-eye-shadow-makeup-palate-on-scaled.jpg
[22-04-2023 12:22:29] Delete original image for : D:\inetpub\wwwroot\Localuser\zckassa\WEB260\wordpress/wp-content/uploads/2023/02/sample_products.csv
[22-04-2023 12:22:30] Delete original image for : D:\inetpub\wwwroot\Localuser\zckassa\WEB260\wordpress/wp-content/uploads/2023/02/Dr.Chanyalew-Hair-Conditioner-1.jpg
[22-04-2023 12:22:30] Delete original image for : D:\inetpub\wwwroot\Localuser\zckassa\WEB260\wordpress/wp-content/uploads/2023/02/hoodie-with-zipper-2.jpg
[22-04-2023 12:22:35] Delete original image for : D:\inetpub\wwwroot\Localuser\zckassa\WEB260\wordpress/wp-content/uploads/2023/02/vnech-tee-blue-1.jpg
[22-04-2023 12:22:35] Delete original image for : D:\inetpub\wwwroot\Localuser\zckassa\WEB260\wordpress/wp-content/uploads/2023/02/album-1.jpg
logo-1.jpg
[22-04-2023 12:22:35] Delete original image for : D:\inetpub\wwwroot\Localuser\zckassa\WEB260\wordpress/wp-content/uploads/2023/02/t-shirt-with-logo-1.jpg
[22-04-2023 12:22:41] Delete original image for : D:\inetpub\wwwroot\Localuser\zckassa\WEB260\wordpress/wp-content/uploads/2023/02/single-1.jpg
[22-04-2023 12:22:41] Delete original image for : D:\inetpub\wwwroot\Localuser\zckassa\WEB260\wordpress/wp-content/uploads/2023/02/hoodie-blue-1.jpg
[22-04-2023 12:22:49] Delete original image for : D:\inetpub\wwwroot\Localuser\zckassa\WEB260\wordpress/wp-content/uploads/2023/02/hoodie-2.jpg
[22-04-2023 12:22:53] Delete original image for : D:\inetpub\wwwroot\Localuser\zckassa\WEB260\wordpress/wp-content/uploads/2023/02/hoodie-green-1.jpg
[22-04-2023 12:22:53] Delete original image for : D:\inetpub\wwwroot\Localuser\zckassa\WEB260\wordpress/wp-content/uploads/2023/02/long-sleeve-tee-2.jpg
[22-04-2023 12:24:30] Optimized file /wp-content/uploads/2023/04/TANKWAlogo.png from 18 KB to 6 KB
[22-04-2023 12:26:10] Error! Incorrect file provided.Array
(
    [basename] => 
    [filename] => 
)

[22-04-2023 12:39:55] Delete original image for : D:\inetpub\wwwroot\Localuser\zckassa\WEB260\wordpress/wp-content/uploads/2023/04/content-pixie-WdJ4WnLxyDs-unsplash.jpg
[22-04-2023 12:41:25] Optimized file /wp-content/uploads/2023/04/Toner.jpg from 4 KB to 2 KB
[22-04-2023 12:58:55] Optimized file /wp-content/uploads/2023/04/vitamin-C-on-skin.jpg from 3 KB to 2 KB
[22-04-2023 13:00:17] Optimized file /wp-content/uploads/2023/04/vitamin-C-on-skin-1.jpg from 3 KB to 2 KB
[22-04-2023 13:16:18] Delete original image for : D:\inetpub\wwwroot\Localuser\zckassa\WEB260\wordpress/wp-content/uploads/2023/04/vitamin-C-on-skin.jpg
[22-04-2023 13:18:34] Optimized file /wp-content/uploads/2023/04/TANKWA-Kinky-_Curl-Defining-Hair_-Cream-.jpg from 20 KB to 7 KB
[22-04-2023 13:20:04] Delete original image for : D:\inetpub\wwwroot\Localuser\zckassa\WEB260\wordpress/wp-content/uploads/2023/04/TANKWA-Kinky-_Curl-Defining-Hair_-Cream-.jpg
[22-04-2023 13:52:43] Error! Incorrect file provided.Array
(
    [basename] => 
    [filename] => 
)

[22-04-2023 13:55:49] Error! Incorrect file provided.Array
(
    [basename] => 
    [filename] => 
)

[22-04-2023 13:58:13] Error! Incorrect file provided.Array
(
    [basename] => 
    [filename] => 
)

[24-04-2023 03:40:27] Optimized file /wp-content/uploads/2023/04/TANKWA-eye-shadow-makeup-palate-on.jpg from 1 MB to 808 KB
[24-04-2023 03:43:59] Optimized file /wp-content/uploads/2023/04/amir-seilsepour-zCKYGTSOU-s-unsplash.jpg from 64 KB to 43 KB
[24-04-2023 04:04:01] Optimized file /wp-content/uploads/2023/04/TANKWA-eye-shadow-makeup-palate-on-1.jpg from 1 MB to 808 KB
[25-04-2023 23:51:56] Error! Incorrect file provided.Array
(
    [basename] => 
    [filename] => 
)

[25-04-2023 23:52:21] Error! Incorrect file provided.Array
(
    [basename] => 
    [filename] => 
)

[25-04-2023 23:53:30] Error! Incorrect file provided.Array
(
    [basename] => 
    [filename] => 
)

[25-04-2023 23:57:14] Error! Incorrect file provided.Array
(
    [basename] => 
    [filename] => 
)

[25-04-2023 23:58:06] Error! Incorrect file provided.Array
(
    [basename] => 
    [filename] => 
)

[26-04-2023 00:01:24] Error! Incorrect file provided.Array
(
    [basename] => 
    [filename] => 
)

[26-04-2023 00:02:38] Error! Incorrect file provided.Array
(
    [basename] => 
    [filename] => 
)

[27-04-2023 20:25:19] Error! Incorrect file provided.Array
(
    [basename] => 
    [filename] => 
)

[27-04-2023 20:25:58] Error! Incorrect file provided.Array
(
    [basename] => 
    [filename] => 
)

[27-04-2023 20:26:47] Error! Incorrect file provided.Array
(
    [basename] => 
    [filename] => 
)

[27-04-2023 20:27:17] Error! Incorrect file provided.Array
(
    [basename] => 
    [filename] => 
)

[27-04-2023 21:02:09] Error! Incorrect file provided.Array
(
    [basename] => 
    [filename] => 
)

[27-04-2023 21:03:32] Error! Incorrect file provided.Array
(
    [basename] => 
    [filename] => 
)

[27-04-2023 21:03:54] Error! Incorrect file provided.Array
(
    [basename] => 
    [filename] => 
)

[27-04-2023 21:05:38] Error! Incorrect file provided.Array
(
    [basename] => 
    [filename] => 
)

[27-04-2023 21:06:16] Error! Incorrect file provided.Array
(
    [basename] => 
    [filename] => 
)

